{"/Users/diegobq/git/battleship/packages/core/src/api/api-error.ts": {"path":"/Users/diegobq/git/battleship/packages/core/src/api/api-error.ts","all":false,"statementMap":{"0":{"start":{"line":1,"column":0},"end":{"line":1,"column":37}},"1":{"start":{"line":2,"column":0},"end":{"line":2,"column":14}},"2":{"start":{"line":3,"column":0},"end":{"line":3,"column":35}},"3":{"start":{"line":4,"column":0},"end":{"line":4,"column":33}},"4":{"start":{"line":5,"column":0},"end":{"line":5,"column":20}},"5":{"start":{"line":6,"column":0},"end":{"line":6,"column":5}},"6":{"start":{"line":7,"column":0},"end":{"line":7,"column":19}},"7":{"start":{"line":8,"column":0},"end":{"line":8,"column":27}},"8":{"start":{"line":9,"column":0},"end":{"line":9,"column":3}},"9":{"start":{"line":10,"column":0},"end":{"line":10,"column":1}}},"s":{"0":1,"1":1,"2":18,"3":18,"4":18,"5":18,"6":18,"7":18,"8":18,"9":1},"branchMap":{"0":{"type":"branch","line":2,"loc":{"start":{"line":2,"column":2},"end":{"line":9,"column":3}},"locations":[{"start":{"line":2,"column":2},"end":{"line":9,"column":3}}]}},"b":{"0":[18]},"fnMap":{"0":{"name":"ApiError","decl":{"start":{"line":2,"column":2},"end":{"line":9,"column":3}},"loc":{"start":{"line":2,"column":2},"end":{"line":9,"column":3}},"line":2}},"f":{"0":18}}
,"/Users/diegobq/git/battleship/packages/core/src/api/dto.ts": {"path":"/Users/diegobq/git/battleship/packages/core/src/api/dto.ts","all":false,"statementMap":{"0":{"start":{"line":1,"column":0},"end":{"line":1,"column":64}},"3":{"start":{"line":4,"column":0},"end":{"line":4,"column":72}},"4":{"start":{"line":5,"column":0},"end":{"line":5,"column":86}},"6":{"start":{"line":7,"column":0},"end":{"line":7,"column":27}},"7":{"start":{"line":8,"column":0},"end":{"line":8,"column":23}},"8":{"start":{"line":9,"column":0},"end":{"line":9,"column":36}},"9":{"start":{"line":10,"column":0},"end":{"line":10,"column":32}},"10":{"start":{"line":11,"column":0},"end":{"line":11,"column":34}},"33":{"start":{"line":34,"column":0},"end":{"line":34,"column":61}},"34":{"start":{"line":35,"column":0},"end":{"line":35,"column":66}},"35":{"start":{"line":36,"column":0},"end":{"line":36,"column":1}},"37":{"start":{"line":38,"column":0},"end":{"line":38,"column":91}},"38":{"start":{"line":39,"column":0},"end":{"line":39,"column":24}},"39":{"start":{"line":40,"column":0},"end":{"line":40,"column":55}},"40":{"start":{"line":41,"column":0},"end":{"line":41,"column":99}},"41":{"start":{"line":42,"column":0},"end":{"line":42,"column":3}},"42":{"start":{"line":43,"column":0},"end":{"line":43,"column":27}},"43":{"start":{"line":44,"column":0},"end":{"line":44,"column":29}},"44":{"start":{"line":45,"column":0},"end":{"line":45,"column":90}},"45":{"start":{"line":46,"column":0},"end":{"line":46,"column":3}},"46":{"start":{"line":47,"column":0},"end":{"line":47,"column":17}},"47":{"start":{"line":48,"column":0},"end":{"line":48,"column":1}},"49":{"start":{"line":50,"column":0},"end":{"line":50,"column":74}},"50":{"start":{"line":51,"column":0},"end":{"line":51,"column":24}},"51":{"start":{"line":52,"column":0},"end":{"line":52,"column":82}},"52":{"start":{"line":53,"column":0},"end":{"line":53,"column":3}},"53":{"start":{"line":54,"column":0},"end":{"line":54,"column":72}},"54":{"start":{"line":55,"column":0},"end":{"line":55,"column":47}},"55":{"start":{"line":56,"column":0},"end":{"line":56,"column":50}},"56":{"start":{"line":57,"column":0},"end":{"line":57,"column":98}},"57":{"start":{"line":58,"column":0},"end":{"line":58,"column":3}},"58":{"start":{"line":59,"column":0},"end":{"line":59,"column":10}},"59":{"start":{"line":60,"column":0},"end":{"line":60,"column":27}},"60":{"start":{"line":61,"column":0},"end":{"line":61,"column":15}},"61":{"start":{"line":62,"column":0},"end":{"line":62,"column":34}},"62":{"start":{"line":63,"column":0},"end":{"line":63,"column":52}},"63":{"start":{"line":64,"column":0},"end":{"line":64,"column":4}},"64":{"start":{"line":65,"column":0},"end":{"line":65,"column":1}},"66":{"start":{"line":67,"column":0},"end":{"line":67,"column":60}},"67":{"start":{"line":68,"column":0},"end":{"line":68,"column":58}},"68":{"start":{"line":69,"column":0},"end":{"line":69,"column":23}},"69":{"start":{"line":70,"column":0},"end":{"line":70,"column":102}},"70":{"start":{"line":71,"column":0},"end":{"line":71,"column":3}},"71":{"start":{"line":72,"column":0},"end":{"line":72,"column":30}},"72":{"start":{"line":73,"column":0},"end":{"line":73,"column":16}},"73":{"start":{"line":74,"column":0},"end":{"line":74,"column":45}},"74":{"start":{"line":75,"column":0},"end":{"line":75,"column":54}},"75":{"start":{"line":76,"column":0},"end":{"line":76,"column":84}},"76":{"start":{"line":77,"column":0},"end":{"line":77,"column":5}},"77":{"start":{"line":78,"column":0},"end":{"line":78,"column":97}},"78":{"start":{"line":79,"column":0},"end":{"line":79,"column":25}},"79":{"start":{"line":80,"column":0},"end":{"line":80,"column":12}},"80":{"start":{"line":81,"column":0},"end":{"line":81,"column":22}},"81":{"start":{"line":82,"column":0},"end":{"line":82,"column":95}},"82":{"start":{"line":83,"column":0},"end":{"line":83,"column":8}},"83":{"start":{"line":84,"column":0},"end":{"line":84,"column":5}},"84":{"start":{"line":85,"column":0},"end":{"line":85,"column":27}},"85":{"start":{"line":86,"column":0},"end":{"line":86,"column":15}},"86":{"start":{"line":87,"column":0},"end":{"line":87,"column":3}},"87":{"start":{"line":88,"column":0},"end":{"line":88,"column":20}},"88":{"start":{"line":89,"column":0},"end":{"line":89,"column":86}},"89":{"start":{"line":90,"column":0},"end":{"line":90,"column":3}},"90":{"start":{"line":91,"column":0},"end":{"line":91,"column":13}},"91":{"start":{"line":92,"column":0},"end":{"line":92,"column":1}},"93":{"start":{"line":94,"column":0},"end":{"line":94,"column":61}},"94":{"start":{"line":95,"column":0},"end":{"line":95,"column":58}},"95":{"start":{"line":96,"column":0},"end":{"line":96,"column":6}},"96":{"start":{"line":97,"column":0},"end":{"line":97,"column":30}},"97":{"start":{"line":98,"column":0},"end":{"line":98,"column":28}},"98":{"start":{"line":99,"column":0},"end":{"line":99,"column":30}},"99":{"start":{"line":100,"column":0},"end":{"line":100,"column":27}},"100":{"start":{"line":101,"column":0},"end":{"line":101,"column":5}},"101":{"start":{"line":102,"column":0},"end":{"line":102,"column":23}},"102":{"start":{"line":103,"column":0},"end":{"line":103,"column":10}},"103":{"start":{"line":104,"column":0},"end":{"line":104,"column":20}},"104":{"start":{"line":105,"column":0},"end":{"line":105,"column":94}},"105":{"start":{"line":106,"column":0},"end":{"line":106,"column":6}},"106":{"start":{"line":107,"column":0},"end":{"line":107,"column":3}},"107":{"start":{"line":108,"column":0},"end":{"line":108,"column":13}},"108":{"start":{"line":109,"column":0},"end":{"line":109,"column":1}},"110":{"start":{"line":111,"column":0},"end":{"line":111,"column":70}},"111":{"start":{"line":112,"column":0},"end":{"line":112,"column":24}},"112":{"start":{"line":113,"column":0},"end":{"line":113,"column":82}},"113":{"start":{"line":114,"column":0},"end":{"line":114,"column":3}},"114":{"start":{"line":115,"column":0},"end":{"line":115,"column":10}},"115":{"start":{"line":116,"column":0},"end":{"line":116,"column":55}},"116":{"start":{"line":117,"column":0},"end":{"line":117,"column":67}},"117":{"start":{"line":118,"column":0},"end":{"line":118,"column":4}},"118":{"start":{"line":119,"column":0},"end":{"line":119,"column":1}}},"s":{"0":1,"3":1,"4":1,"6":1,"7":1,"8":1,"9":1,"10":1,"33":28,"34":28,"35":28,"37":31,"38":31,"39":31,"40":5,"41":5,"42":26,"43":31,"44":1,"45":1,"46":25,"47":25,"49":1,"50":17,"51":3,"52":3,"53":14,"54":14,"55":17,"56":1,"57":1,"58":10,"59":10,"60":10,"61":10,"62":10,"63":10,"64":10,"66":10,"67":10,"68":10,"69":0,"70":0,"71":6,"72":6,"73":10,"74":7,"75":1,"76":1,"77":7,"78":3,"79":3,"80":3,"81":3,"82":3,"83":3,"84":3,"85":3,"86":3,"87":10,"88":1,"89":1,"90":1,"91":1,"93":5,"94":5,"95":3,"96":3,"97":3,"98":3,"99":2,"100":5,"101":2,"102":2,"103":2,"104":2,"105":2,"106":2,"107":1,"108":1,"110":1,"111":5,"112":1,"113":1,"114":4,"115":4,"116":4,"117":4,"118":4},"branchMap":{"0":{"type":"branch","line":34,"loc":{"start":{"line":34,"column":0},"end":{"line":36,"column":1}},"locations":[{"start":{"line":34,"column":0},"end":{"line":36,"column":1}}]},"1":{"type":"branch","line":35,"loc":{"start":{"line":35,"column":22},"end":{"line":35,"column":48}},"locations":[{"start":{"line":35,"column":22},"end":{"line":35,"column":48}}]},"2":{"type":"branch","line":35,"loc":{"start":{"line":35,"column":40},"end":{"line":35,"column":66}},"locations":[{"start":{"line":35,"column":40},"end":{"line":35,"column":66}}]},"3":{"type":"branch","line":38,"loc":{"start":{"line":38,"column":0},"end":{"line":48,"column":1}},"locations":[{"start":{"line":38,"column":0},"end":{"line":48,"column":1}}]},"4":{"type":"branch","line":40,"loc":{"start":{"line":40,"column":19},"end":{"line":40,"column":54}},"locations":[{"start":{"line":40,"column":19},"end":{"line":40,"column":54}}]},"5":{"type":"branch","line":40,"loc":{"start":{"line":40,"column":54},"end":{"line":42,"column":3}},"locations":[{"start":{"line":40,"column":54},"end":{"line":42,"column":3}}]},"6":{"type":"branch","line":42,"loc":{"start":{"line":42,"column":2},"end":{"line":44,"column":28}},"locations":[{"start":{"line":42,"column":2},"end":{"line":44,"column":28}}]},"7":{"type":"branch","line":44,"loc":{"start":{"line":44,"column":28},"end":{"line":46,"column":3}},"locations":[{"start":{"line":44,"column":28},"end":{"line":46,"column":3}}]},"8":{"type":"branch","line":46,"loc":{"start":{"line":46,"column":2},"end":{"line":48,"column":1}},"locations":[{"start":{"line":46,"column":2},"end":{"line":48,"column":1}}]},"9":{"type":"branch","line":50,"loc":{"start":{"line":50,"column":7},"end":{"line":65,"column":1}},"locations":[{"start":{"line":50,"column":7},"end":{"line":65,"column":1}}]},"10":{"type":"branch","line":51,"loc":{"start":{"line":51,"column":23},"end":{"line":53,"column":3}},"locations":[{"start":{"line":51,"column":23},"end":{"line":53,"column":3}}]},"11":{"type":"branch","line":53,"loc":{"start":{"line":53,"column":2},"end":{"line":56,"column":49}},"locations":[{"start":{"line":53,"column":2},"end":{"line":56,"column":49}}]},"12":{"type":"branch","line":56,"loc":{"start":{"line":56,"column":49},"end":{"line":58,"column":3}},"locations":[{"start":{"line":56,"column":49},"end":{"line":58,"column":3}}]},"13":{"type":"branch","line":58,"loc":{"start":{"line":58,"column":2},"end":{"line":65,"column":1}},"locations":[{"start":{"line":58,"column":2},"end":{"line":65,"column":1}}]},"14":{"type":"branch","line":67,"loc":{"start":{"line":67,"column":0},"end":{"line":92,"column":1}},"locations":[{"start":{"line":67,"column":0},"end":{"line":92,"column":1}}]},"15":{"type":"branch","line":68,"loc":{"start":{"line":68,"column":14},"end":{"line":68,"column":41}},"locations":[{"start":{"line":68,"column":14},"end":{"line":68,"column":41}}]},"16":{"type":"branch","line":68,"loc":{"start":{"line":68,"column":41},"end":{"line":68,"column":58}},"locations":[{"start":{"line":68,"column":41},"end":{"line":68,"column":58}}]},"17":{"type":"branch","line":68,"loc":{"start":{"line":68,"column":48},"end":{"line":69,"column":22}},"locations":[{"start":{"line":68,"column":48},"end":{"line":69,"column":22}}]},"18":{"type":"branch","line":69,"loc":{"start":{"line":69,"column":22},"end":{"line":71,"column":3}},"locations":[{"start":{"line":69,"column":22},"end":{"line":71,"column":3}}]},"19":{"type":"branch","line":71,"loc":{"start":{"line":71,"column":2},"end":{"line":74,"column":44}},"locations":[{"start":{"line":71,"column":2},"end":{"line":74,"column":44}}]},"20":{"type":"branch","line":74,"loc":{"start":{"line":74,"column":44},"end":{"line":87,"column":3}},"locations":[{"start":{"line":74,"column":44},"end":{"line":87,"column":3}}]},"21":{"type":"branch","line":75,"loc":{"start":{"line":75,"column":53},"end":{"line":77,"column":5}},"locations":[{"start":{"line":75,"column":53},"end":{"line":77,"column":5}}]},"22":{"type":"branch","line":77,"loc":{"start":{"line":77,"column":4},"end":{"line":78,"column":57}},"locations":[{"start":{"line":77,"column":4},"end":{"line":78,"column":57}}]},"23":{"type":"branch","line":78,"loc":{"start":{"line":78,"column":52},"end":{"line":78,"column":66}},"locations":[{"start":{"line":78,"column":52},"end":{"line":78,"column":66}}]},"24":{"type":"branch","line":78,"loc":{"start":{"line":78,"column":61},"end":{"line":78,"column":96}},"locations":[{"start":{"line":78,"column":61},"end":{"line":78,"column":96}}]},"25":{"type":"branch","line":78,"loc":{"start":{"line":78,"column":96},"end":{"line":87,"column":3}},"locations":[{"start":{"line":78,"column":96},"end":{"line":87,"column":3}}]},"26":{"type":"branch","line":87,"loc":{"start":{"line":87,"column":2},"end":{"line":88,"column":19}},"locations":[{"start":{"line":87,"column":2},"end":{"line":88,"column":19}}]},"27":{"type":"branch","line":88,"loc":{"start":{"line":88,"column":19},"end":{"line":92,"column":1}},"locations":[{"start":{"line":88,"column":19},"end":{"line":92,"column":1}}]},"28":{"type":"branch","line":94,"loc":{"start":{"line":94,"column":0},"end":{"line":109,"column":1}},"locations":[{"start":{"line":94,"column":0},"end":{"line":109,"column":1}}]},"29":{"type":"branch","line":95,"loc":{"start":{"line":95,"column":14},"end":{"line":95,"column":41}},"locations":[{"start":{"line":95,"column":14},"end":{"line":95,"column":41}}]},"30":{"type":"branch","line":95,"loc":{"start":{"line":95,"column":41},"end":{"line":95,"column":58}},"locations":[{"start":{"line":95,"column":41},"end":{"line":95,"column":58}}]},"31":{"type":"branch","line":95,"loc":{"start":{"line":95,"column":48},"end":{"line":98,"column":28}},"locations":[{"start":{"line":95,"column":48},"end":{"line":98,"column":28}}]},"32":{"type":"branch","line":98,"loc":{"start":{"line":98,"column":24},"end":{"line":99,"column":30}},"locations":[{"start":{"line":98,"column":24},"end":{"line":99,"column":30}}]},"33":{"type":"branch","line":99,"loc":{"start":{"line":99,"column":10},"end":{"line":100,"column":27}},"locations":[{"start":{"line":99,"column":10},"end":{"line":100,"column":27}}]},"34":{"type":"branch","line":101,"loc":{"start":{"line":101,"column":4},"end":{"line":107,"column":3}},"locations":[{"start":{"line":101,"column":4},"end":{"line":107,"column":3}}]},"35":{"type":"branch","line":107,"loc":{"start":{"line":107,"column":2},"end":{"line":109,"column":1}},"locations":[{"start":{"line":107,"column":2},"end":{"line":109,"column":1}}]},"36":{"type":"branch","line":111,"loc":{"start":{"line":111,"column":7},"end":{"line":119,"column":1}},"locations":[{"start":{"line":111,"column":7},"end":{"line":119,"column":1}}]},"37":{"type":"branch","line":112,"loc":{"start":{"line":112,"column":23},"end":{"line":114,"column":3}},"locations":[{"start":{"line":112,"column":23},"end":{"line":114,"column":3}}]},"38":{"type":"branch","line":114,"loc":{"start":{"line":114,"column":2},"end":{"line":119,"column":1}},"locations":[{"start":{"line":114,"column":2},"end":{"line":119,"column":1}}]}},"b":{"0":[28],"1":[26],"2":[25],"3":[31],"4":[27],"5":[5],"6":[26],"7":[1],"8":[25],"9":[17],"10":[3],"11":[14],"12":[1],"13":[10],"14":[10],"15":[6],"16":[4],"17":[6],"18":[0],"19":[6],"20":[7],"21":[1],"22":[6],"23":[5],"24":[4],"25":[3],"26":[2],"27":[1],"28":[5],"29":[3],"30":[2],"31":[3],"32":[3],"33":[2],"34":[2],"35":[1],"36":[5],"37":[1],"38":[4]},"fnMap":{"0":{"name":"isRecord","decl":{"start":{"line":34,"column":0},"end":{"line":36,"column":1}},"loc":{"start":{"line":34,"column":0},"end":{"line":36,"column":1}},"line":34},"1":{"name":"requireString","decl":{"start":{"line":38,"column":0},"end":{"line":48,"column":1}},"loc":{"start":{"line":38,"column":0},"end":{"line":48,"column":1}},"line":38},"2":{"name":"parseCreateGameRequest","decl":{"start":{"line":50,"column":7},"end":{"line":65,"column":1}},"loc":{"start":{"line":50,"column":7},"end":{"line":65,"column":1}},"line":50},"3":{"name":"parseFleet","decl":{"start":{"line":67,"column":0},"end":{"line":92,"column":1}},"loc":{"start":{"line":67,"column":0},"end":{"line":92,"column":1}},"line":67},"4":{"name":"parseTurnTimerMs","decl":{"start":{"line":94,"column":0},"end":{"line":109,"column":1}},"loc":{"start":{"line":94,"column":0},"end":{"line":109,"column":1}},"line":94},"5":{"name":"parseJoinGameRequest","decl":{"start":{"line":111,"column":7},"end":{"line":119,"column":1}},"loc":{"start":{"line":111,"column":7},"end":{"line":119,"column":1}},"line":111}},"f":{"0":28,"1":31,"2":17,"3":10,"4":5,"5":5}}
,"/Users/diegobq/git/battleship/packages/core/src/core/board.ts": {"path":"/Users/diegobq/git/battleship/packages/core/src/core/board.ts","all":false,"statementMap":{"2":{"start":{"line":3,"column":0},"end":{"line":3,"column":28}},"4":{"start":{"line":5,"column":0},"end":{"line":5,"column":56}},"5":{"start":{"line":6,"column":0},"end":{"line":6,"column":39}},"6":{"start":{"line":7,"column":0},"end":{"line":7,"column":40}},"7":{"start":{"line":8,"column":0},"end":{"line":8,"column":38}},"8":{"start":{"line":9,"column":0},"end":{"line":9,"column":42}},"9":{"start":{"line":10,"column":0},"end":{"line":10,"column":24}},"10":{"start":{"line":11,"column":0},"end":{"line":11,"column":5}},"11":{"start":{"line":12,"column":0},"end":{"line":12,"column":19}},"12":{"start":{"line":13,"column":0},"end":{"line":13,"column":3}},"13":{"start":{"line":14,"column":0},"end":{"line":14,"column":14}},"14":{"start":{"line":15,"column":0},"end":{"line":15,"column":1}},"16":{"start":{"line":17,"column":0},"end":{"line":17,"column":75}},"17":{"start":{"line":18,"column":0},"end":{"line":18,"column":37}},"18":{"start":{"line":19,"column":0},"end":{"line":19,"column":1}},"20":{"start":{"line":21,"column":0},"end":{"line":21,"column":59}},"21":{"start":{"line":22,"column":0},"end":{"line":22,"column":62}},"22":{"start":{"line":23,"column":0},"end":{"line":23,"column":1}},"24":{"start":{"line":25,"column":0},"end":{"line":25,"column":32}},"25":{"start":{"line":26,"column":0},"end":{"line":26,"column":20}},"26":{"start":{"line":27,"column":0},"end":{"line":27,"column":17}},"27":{"start":{"line":28,"column":0},"end":{"line":28,"column":31}},"28":{"start":{"line":29,"column":0},"end":{"line":29,"column":17}},"29":{"start":{"line":30,"column":0},"end":{"line":30,"column":33}},"30":{"start":{"line":31,"column":0},"end":{"line":31,"column":23}},"31":{"start":{"line":32,"column":0},"end":{"line":32,"column":36}},"32":{"start":{"line":33,"column":0},"end":{"line":33,"column":25}},"33":{"start":{"line":34,"column":0},"end":{"line":34,"column":42}},"34":{"start":{"line":35,"column":0},"end":{"line":35,"column":13}},"35":{"start":{"line":36,"column":0},"end":{"line":36,"column":3}},"36":{"start":{"line":37,"column":0},"end":{"line":37,"column":15}},"37":{"start":{"line":38,"column":0},"end":{"line":38,"column":1}},"39":{"start":{"line":40,"column":0},"end":{"line":40,"column":25}},"40":{"start":{"line":41,"column":0},"end":{"line":41,"column":28}},"41":{"start":{"line":42,"column":0},"end":{"line":42,"column":20}},"42":{"start":{"line":43,"column":0},"end":{"line":43,"column":17}},"43":{"start":{"line":44,"column":0},"end":{"line":44,"column":31}},"44":{"start":{"line":45,"column":0},"end":{"line":45,"column":12}},"45":{"start":{"line":46,"column":0},"end":{"line":46,"column":60}},"46":{"start":{"line":47,"column":0},"end":{"line":47,"column":33}},"47":{"start":{"line":48,"column":0},"end":{"line":48,"column":40}},"48":{"start":{"line":49,"column":0},"end":{"line":49,"column":45}},"49":{"start":{"line":50,"column":0},"end":{"line":50,"column":3}},"50":{"start":{"line":51,"column":0},"end":{"line":51,"column":14}},"51":{"start":{"line":52,"column":0},"end":{"line":52,"column":1}},"53":{"start":{"line":54,"column":0},"end":{"line":54,"column":31}},"54":{"start":{"line":55,"column":0},"end":{"line":55,"column":28}},"55":{"start":{"line":56,"column":0},"end":{"line":56,"column":13}},"56":{"start":{"line":57,"column":0},"end":{"line":57,"column":20}},"57":{"start":{"line":58,"column":0},"end":{"line":58,"column":31}},"58":{"start":{"line":59,"column":0},"end":{"line":59,"column":53}},"59":{"start":{"line":60,"column":0},"end":{"line":60,"column":68}},"60":{"start":{"line":61,"column":0},"end":{"line":61,"column":65}},"61":{"start":{"line":62,"column":0},"end":{"line":62,"column":31}},"62":{"start":{"line":63,"column":0},"end":{"line":63,"column":33}},"63":{"start":{"line":64,"column":0},"end":{"line":64,"column":24}},"64":{"start":{"line":65,"column":0},"end":{"line":65,"column":3}},"65":{"start":{"line":66,"column":0},"end":{"line":66,"column":10}},"66":{"start":{"line":67,"column":0},"end":{"line":67,"column":15}},"67":{"start":{"line":68,"column":0},"end":{"line":68,"column":67}},"68":{"start":{"line":69,"column":0},"end":{"line":69,"column":4}},"69":{"start":{"line":70,"column":0},"end":{"line":70,"column":1}},"71":{"start":{"line":72,"column":0},"end":{"line":72,"column":26}},"72":{"start":{"line":73,"column":0},"end":{"line":73,"column":28}},"73":{"start":{"line":74,"column":0},"end":{"line":74,"column":12}},"74":{"start":{"line":75,"column":0},"end":{"line":75,"column":12}},"75":{"start":{"line":76,"column":0},"end":{"line":76,"column":70}},"76":{"start":{"line":77,"column":0},"end":{"line":77,"column":26}},"77":{"start":{"line":78,"column":0},"end":{"line":78,"column":56}},"78":{"start":{"line":79,"column":0},"end":{"line":79,"column":3}},"79":{"start":{"line":80,"column":0},"end":{"line":80,"column":26}},"80":{"start":{"line":81,"column":0},"end":{"line":81,"column":42}},"81":{"start":{"line":82,"column":0},"end":{"line":82,"column":51}},"82":{"start":{"line":83,"column":0},"end":{"line":83,"column":3}},"83":{"start":{"line":84,"column":0},"end":{"line":84,"column":30}},"84":{"start":{"line":85,"column":0},"end":{"line":85,"column":31}},"85":{"start":{"line":86,"column":0},"end":{"line":86,"column":36}},"86":{"start":{"line":87,"column":0},"end":{"line":87,"column":49}},"87":{"start":{"line":88,"column":0},"end":{"line":88,"column":1}},"89":{"start":{"line":90,"column":0},"end":{"line":90,"column":69}},"90":{"start":{"line":91,"column":0},"end":{"line":91,"column":16}},"91":{"start":{"line":92,"column":0},"end":{"line":92,"column":27}},"92":{"start":{"line":93,"column":0},"end":{"line":93,"column":29}},"93":{"start":{"line":94,"column":0},"end":{"line":94,"column":55}},"94":{"start":{"line":95,"column":0},"end":{"line":95,"column":5}},"95":{"start":{"line":96,"column":0},"end":{"line":96,"column":3}},"96":{"start":{"line":97,"column":0},"end":{"line":97,"column":15}},"97":{"start":{"line":98,"column":0},"end":{"line":98,"column":1}},"99":{"start":{"line":100,"column":0},"end":{"line":100,"column":59}},"100":{"start":{"line":101,"column":0},"end":{"line":101,"column":44}},"101":{"start":{"line":102,"column":0},"end":{"line":102,"column":1}},"103":{"start":{"line":104,"column":0},"end":{"line":104,"column":57}},"104":{"start":{"line":105,"column":0},"end":{"line":105,"column":77}},"105":{"start":{"line":106,"column":0},"end":{"line":106,"column":1}}},"s":{"2":1,"4":1,"5":114,"6":114,"7":912,"8":912,"9":7296,"10":7296,"11":912,"12":912,"13":114,"14":114,"16":1,"17":80,"18":80,"20":1,"21":193,"22":193,"24":1,"25":138,"26":138,"27":138,"28":138,"29":138,"30":138,"31":138,"32":288,"33":288,"34":15,"35":288,"36":138,"37":138,"39":1,"40":72,"41":72,"42":72,"43":72,"44":72,"45":72,"46":72,"47":150,"48":150,"49":150,"50":65,"51":65,"53":1,"54":67,"55":67,"56":67,"57":67,"58":67,"59":67,"60":63,"61":63,"62":67,"63":128,"64":128,"65":63,"66":63,"67":63,"68":63,"69":63,"71":1,"72":19,"73":19,"74":19,"75":19,"76":19,"77":2,"78":2,"79":17,"80":19,"81":1,"82":1,"83":16,"84":16,"85":19,"86":19,"87":19,"89":1,"90":13,"91":13,"92":104,"93":832,"94":832,"95":104,"96":13,"97":13,"99":1,"100":31,"101":31,"103":1,"104":17,"105":17},"branchMap":{"0":{"type":"branch","line":5,"loc":{"start":{"line":5,"column":7},"end":{"line":15,"column":1}},"locations":[{"start":{"line":5,"column":7},"end":{"line":15,"column":1}}]},"1":{"type":"branch","line":7,"loc":{"start":{"line":7,"column":39},"end":{"line":13,"column":3}},"locations":[{"start":{"line":7,"column":39},"end":{"line":13,"column":3}}]},"2":{"type":"branch","line":9,"loc":{"start":{"line":9,"column":41},"end":{"line":11,"column":5}},"locations":[{"start":{"line":9,"column":41},"end":{"line":11,"column":5}}]},"3":{"type":"branch","line":17,"loc":{"start":{"line":17,"column":7},"end":{"line":19,"column":1}},"locations":[{"start":{"line":17,"column":7},"end":{"line":19,"column":1}}]},"4":{"type":"branch","line":18,"loc":{"start":{"line":18,"column":18},"end":{"line":18,"column":35}},"locations":[{"start":{"line":18,"column":18},"end":{"line":18,"column":35}}]},"5":{"type":"branch","line":21,"loc":{"start":{"line":21,"column":7},"end":{"line":23,"column":1}},"locations":[{"start":{"line":21,"column":7},"end":{"line":23,"column":1}}]},"6":{"type":"branch","line":22,"loc":{"start":{"line":22,"column":14},"end":{"line":22,"column":37}},"locations":[{"start":{"line":22,"column":14},"end":{"line":22,"column":37}}]},"7":{"type":"branch","line":22,"loc":{"start":{"line":22,"column":23},"end":{"line":22,"column":47}},"locations":[{"start":{"line":22,"column":23},"end":{"line":22,"column":47}}]},"8":{"type":"branch","line":22,"loc":{"start":{"line":22,"column":42},"end":{"line":22,"column":62}},"locations":[{"start":{"line":22,"column":42},"end":{"line":22,"column":62}}]},"9":{"type":"branch","line":25,"loc":{"start":{"line":25,"column":7},"end":{"line":38,"column":1}},"locations":[{"start":{"line":25,"column":7},"end":{"line":38,"column":1}}]},"10":{"type":"branch","line":32,"loc":{"start":{"line":32,"column":35},"end":{"line":36,"column":3}},"locations":[{"start":{"line":32,"column":35},"end":{"line":36,"column":3}}]},"11":{"type":"branch","line":34,"loc":{"start":{"line":34,"column":38},"end":{"line":34,"column":42}},"locations":[{"start":{"line":34,"column":38},"end":{"line":34,"column":42}}]},"12":{"type":"branch","line":34,"loc":{"start":{"line":34,"column":38},"end":{"line":35,"column":13}},"locations":[{"start":{"line":34,"column":38},"end":{"line":35,"column":13}}]},"13":{"type":"branch","line":40,"loc":{"start":{"line":40,"column":7},"end":{"line":52,"column":1}},"locations":[{"start":{"line":40,"column":7},"end":{"line":52,"column":1}}]},"14":{"type":"branch","line":47,"loc":{"start":{"line":47,"column":32},"end":{"line":50,"column":3}},"locations":[{"start":{"line":47,"column":32},"end":{"line":50,"column":3}}]},"15":{"type":"branch","line":48,"loc":{"start":{"line":48,"column":27},"end":{"line":48,"column":40}},"locations":[{"start":{"line":48,"column":27},"end":{"line":48,"column":40}}]},"16":{"type":"branch","line":48,"loc":{"start":{"line":48,"column":34},"end":{"line":49,"column":39}},"locations":[{"start":{"line":48,"column":34},"end":{"line":49,"column":39}}]},"17":{"type":"branch","line":49,"loc":{"start":{"line":49,"column":32},"end":{"line":49,"column":45}},"locations":[{"start":{"line":49,"column":32},"end":{"line":49,"column":45}}]},"18":{"type":"branch","line":50,"loc":{"start":{"line":50,"column":2},"end":{"line":52,"column":1}},"locations":[{"start":{"line":50,"column":2},"end":{"line":52,"column":1}}]},"19":{"type":"branch","line":54,"loc":{"start":{"line":54,"column":7},"end":{"line":70,"column":1}},"locations":[{"start":{"line":54,"column":7},"end":{"line":70,"column":1}}]},"20":{"type":"branch","line":60,"loc":{"start":{"line":60,"column":56},"end":{"line":60,"column":68}},"locations":[{"start":{"line":60,"column":56},"end":{"line":60,"column":68}}]},"21":{"type":"branch","line":60,"loc":{"start":{"line":60,"column":63},"end":{"line":63,"column":32}},"locations":[{"start":{"line":60,"column":63},"end":{"line":63,"column":32}}]},"22":{"type":"branch","line":63,"loc":{"start":{"line":63,"column":32},"end":{"line":65,"column":3}},"locations":[{"start":{"line":63,"column":32},"end":{"line":65,"column":3}}]},"23":{"type":"branch","line":65,"loc":{"start":{"line":65,"column":2},"end":{"line":70,"column":1}},"locations":[{"start":{"line":65,"column":2},"end":{"line":70,"column":1}}]},"24":{"type":"branch","line":72,"loc":{"start":{"line":72,"column":7},"end":{"line":88,"column":1}},"locations":[{"start":{"line":72,"column":7},"end":{"line":88,"column":1}}]},"25":{"type":"branch","line":77,"loc":{"start":{"line":77,"column":25},"end":{"line":79,"column":3}},"locations":[{"start":{"line":77,"column":25},"end":{"line":79,"column":3}}]},"26":{"type":"branch","line":79,"loc":{"start":{"line":79,"column":2},"end":{"line":81,"column":41}},"locations":[{"start":{"line":79,"column":2},"end":{"line":81,"column":41}}]},"27":{"type":"branch","line":81,"loc":{"start":{"line":81,"column":41},"end":{"line":83,"column":3}},"locations":[{"start":{"line":81,"column":41},"end":{"line":83,"column":3}}]},"28":{"type":"branch","line":83,"loc":{"start":{"line":83,"column":2},"end":{"line":86,"column":21}},"locations":[{"start":{"line":83,"column":2},"end":{"line":86,"column":21}}]},"29":{"type":"branch","line":86,"loc":{"start":{"line":86,"column":15},"end":{"line":86,"column":29}},"locations":[{"start":{"line":86,"column":15},"end":{"line":86,"column":29}}]},"30":{"type":"branch","line":86,"loc":{"start":{"line":86,"column":21},"end":{"line":86,"column":36}},"locations":[{"start":{"line":86,"column":21},"end":{"line":86,"column":36}}]},"31":{"type":"branch","line":90,"loc":{"start":{"line":90,"column":7},"end":{"line":98,"column":1}},"locations":[{"start":{"line":90,"column":7},"end":{"line":98,"column":1}}]},"32":{"type":"branch","line":92,"loc":{"start":{"line":92,"column":26},"end":{"line":96,"column":3}},"locations":[{"start":{"line":92,"column":26},"end":{"line":96,"column":3}}]},"33":{"type":"branch","line":93,"loc":{"start":{"line":93,"column":28},"end":{"line":95,"column":5}},"locations":[{"start":{"line":93,"column":28},"end":{"line":95,"column":5}}]},"34":{"type":"branch","line":94,"loc":{"start":{"line":94,"column":19},"end":{"line":94,"column":47}},"locations":[{"start":{"line":94,"column":19},"end":{"line":94,"column":47}}]},"35":{"type":"branch","line":94,"loc":{"start":{"line":94,"column":47},"end":{"line":94,"column":55}},"locations":[{"start":{"line":94,"column":47},"end":{"line":94,"column":55}}]},"36":{"type":"branch","line":100,"loc":{"start":{"line":100,"column":7},"end":{"line":102,"column":1}},"locations":[{"start":{"line":100,"column":7},"end":{"line":102,"column":1}}]},"37":{"type":"branch","line":101,"loc":{"start":{"line":101,"column":21},"end":{"line":101,"column":42}},"locations":[{"start":{"line":101,"column":21},"end":{"line":101,"column":42}}]},"38":{"type":"branch","line":104,"loc":{"start":{"line":104,"column":7},"end":{"line":106,"column":1}},"locations":[{"start":{"line":104,"column":7},"end":{"line":106,"column":1}}]},"39":{"type":"branch","line":105,"loc":{"start":{"line":105,"column":24},"end":{"line":105,"column":77}},"locations":[{"start":{"line":105,"column":24},"end":{"line":105,"column":77}}]},"40":{"type":"branch","line":105,"loc":{"start":{"line":105,"column":41},"end":{"line":105,"column":75}},"locations":[{"start":{"line":105,"column":41},"end":{"line":105,"column":75}}]}},"b":{"0":[114],"1":[912],"2":[7296],"3":[80],"4":[640],"5":[193],"6":[190],"7":[187],"8":[186],"9":[138],"10":[288],"11":[273],"12":[15],"13":[72],"14":[150],"15":[5],"16":[145],"17":[2],"18":[65],"19":[67],"20":[4],"21":[63],"22":[128],"23":[63],"24":[19],"25":[2],"26":[17],"27":[1],"28":[16],"29":[11],"30":[5],"31":[13],"32":[104],"33":[832],"34":[70],"35":[804],"36":[31],"37":[88],"38":[17],"39":[15],"40":[20]},"fnMap":{"0":{"name":"createEmptyGrid","decl":{"start":{"line":5,"column":7},"end":{"line":15,"column":1}},"loc":{"start":{"line":5,"column":7},"end":{"line":15,"column":1}},"line":5},"1":{"name":"cloneGrid","decl":{"start":{"line":17,"column":7},"end":{"line":19,"column":1}},"loc":{"start":{"line":17,"column":7},"end":{"line":19,"column":1}},"line":17},"2":{"name":"isInBounds","decl":{"start":{"line":21,"column":7},"end":{"line":23,"column":1}},"loc":{"start":{"line":21,"column":7},"end":{"line":23,"column":1}},"line":21},"3":{"name":"expandShipCells","decl":{"start":{"line":25,"column":7},"end":{"line":38,"column":1}},"loc":{"start":{"line":25,"column":7},"end":{"line":38,"column":1}},"line":25},"4":{"name":"canPlace","decl":{"start":{"line":40,"column":7},"end":{"line":52,"column":1}},"loc":{"start":{"line":40,"column":7},"end":{"line":52,"column":1}},"line":40},"5":{"name":"applyPlacement","decl":{"start":{"line":54,"column":7},"end":{"line":70,"column":1}},"loc":{"start":{"line":54,"column":7},"end":{"line":70,"column":1}},"line":54},"6":{"name":"applyShot","decl":{"start":{"line":72,"column":7},"end":{"line":88,"column":1}},"loc":{"start":{"line":72,"column":7},"end":{"line":88,"column":1}},"line":72},"7":{"name":"countHiddenCells","decl":{"start":{"line":90,"column":7},"end":{"line":98,"column":1}},"loc":{"start":{"line":90,"column":7},"end":{"line":98,"column":1}},"line":90},"8":{"name":"areAllShipsPlaced","decl":{"start":{"line":100,"column":7},"end":{"line":102,"column":1}},"loc":{"start":{"line":100,"column":7},"end":{"line":102,"column":1}},"line":100},"9":{"name":"areAllShipsSunk","decl":{"start":{"line":104,"column":7},"end":{"line":106,"column":1}},"loc":{"start":{"line":104,"column":7},"end":{"line":106,"column":1}},"line":104}},"f":{"0":114,"1":80,"2":193,"3":138,"4":72,"5":67,"6":19,"7":13,"8":31,"9":17}}
,"/Users/diegobq/git/battleship/packages/core/src/core/clock.ts": {"path":"/Users/diegobq/git/battleship/packages/core/src/core/clock.ts","all":false,"statementMap":{"9":{"start":{"line":10,"column":0},"end":{"line":10,"column":42}},"10":{"start":{"line":11,"column":0},"end":{"line":11,"column":35}},"11":{"start":{"line":12,"column":0},"end":{"line":12,"column":1}},"13":{"start":{"line":14,"column":0},"end":{"line":14,"column":53}},"14":{"start":{"line":15,"column":0},"end":{"line":15,"column":22}},"15":{"start":{"line":16,"column":0},"end":{"line":16,"column":10}},"16":{"start":{"line":17,"column":0},"end":{"line":17,"column":23}},"17":{"start":{"line":18,"column":0},"end":{"line":18,"column":22}},"18":{"start":{"line":19,"column":0},"end":{"line":19,"column":20}},"19":{"start":{"line":20,"column":0},"end":{"line":20,"column":6}},"20":{"start":{"line":21,"column":0},"end":{"line":21,"column":18}},"21":{"start":{"line":22,"column":0},"end":{"line":22,"column":19}},"22":{"start":{"line":23,"column":0},"end":{"line":23,"column":6}},"23":{"start":{"line":24,"column":0},"end":{"line":24,"column":4}},"24":{"start":{"line":25,"column":0},"end":{"line":25,"column":1}}},"s":{"9":1,"10":1,"11":1,"13":1,"14":66,"15":66,"16":66,"17":66,"18":4,"19":4,"20":66,"21":1,"22":1,"23":66,"24":66},"branchMap":{"0":{"type":"branch","line":10,"loc":{"start":{"line":10,"column":7},"end":{"line":12,"column":1}},"locations":[{"start":{"line":10,"column":7},"end":{"line":12,"column":1}}]},"1":{"type":"branch","line":11,"loc":{"start":{"line":11,"column":16},"end":{"line":11,"column":33}},"locations":[{"start":{"line":11,"column":16},"end":{"line":11,"column":33}}]},"2":{"type":"branch","line":14,"loc":{"start":{"line":14,"column":7},"end":{"line":25,"column":1}},"locations":[{"start":{"line":14,"column":7},"end":{"line":25,"column":1}}]},"3":{"type":"branch","line":17,"loc":{"start":{"line":17,"column":9},"end":{"line":17,"column":23}},"locations":[{"start":{"line":17,"column":9},"end":{"line":17,"column":23}}]},"4":{"type":"branch","line":18,"loc":{"start":{"line":18,"column":13},"end":{"line":20,"column":6}},"locations":[{"start":{"line":18,"column":13},"end":{"line":20,"column":6}}]},"5":{"type":"branch","line":21,"loc":{"start":{"line":21,"column":9},"end":{"line":23,"column":6}},"locations":[{"start":{"line":21,"column":9},"end":{"line":23,"column":6}}]}},"b":{"0":[1],"1":[1],"2":[66],"3":[74],"4":[4],"5":[1]},"fnMap":{"0":{"name":"makeSystemClock","decl":{"start":{"line":10,"column":7},"end":{"line":12,"column":1}},"loc":{"start":{"line":10,"column":7},"end":{"line":12,"column":1}},"line":10},"1":{"name":"now","decl":{"start":{"line":11,"column":16},"end":{"line":11,"column":33}},"loc":{"start":{"line":11,"column":16},"end":{"line":11,"column":33}},"line":11},"2":{"name":"makeFakeClock","decl":{"start":{"line":14,"column":7},"end":{"line":25,"column":1}},"loc":{"start":{"line":14,"column":7},"end":{"line":25,"column":1}},"line":14},"3":{"name":"now","decl":{"start":{"line":17,"column":9},"end":{"line":17,"column":23}},"loc":{"start":{"line":17,"column":9},"end":{"line":17,"column":23}},"line":17},"4":{"name":"advance","decl":{"start":{"line":18,"column":13},"end":{"line":20,"column":6}},"loc":{"start":{"line":18,"column":13},"end":{"line":20,"column":6}},"line":18},"5":{"name":"set","decl":{"start":{"line":21,"column":9},"end":{"line":23,"column":6}},"loc":{"start":{"line":21,"column":9},"end":{"line":23,"column":6}},"line":21}},"f":{"0":1,"1":1,"2":66,"3":74,"4":4,"5":1}}
,"/Users/diegobq/git/battleship/packages/core/src/core/fleet.ts": {"path":"/Users/diegobq/git/battleship/packages/core/src/core/fleet.ts","all":false,"statementMap":{"2":{"start":{"line":3,"column":0},"end":{"line":3,"column":85}},"3":{"start":{"line":4,"column":0},"end":{"line":4,"column":25}},"4":{"start":{"line":5,"column":0},"end":{"line":5,"column":27}},"5":{"start":{"line":6,"column":0},"end":{"line":6,"column":27}},"6":{"start":{"line":7,"column":0},"end":{"line":7,"column":2}},"8":{"start":{"line":9,"column":0},"end":{"line":9,"column":60}},"9":{"start":{"line":10,"column":0},"end":{"line":10,"column":13}},"10":{"start":{"line":11,"column":0},"end":{"line":11,"column":15}},"11":{"start":{"line":12,"column":0},"end":{"line":12,"column":15}},"12":{"start":{"line":13,"column":0},"end":{"line":13,"column":2}},"14":{"start":{"line":15,"column":0},"end":{"line":15,"column":51}},"15":{"start":{"line":16,"column":0},"end":{"line":16,"column":37}},"16":{"start":{"line":17,"column":0},"end":{"line":17,"column":1}},"18":{"start":{"line":19,"column":0},"end":{"line":19,"column":27}},"19":{"start":{"line":20,"column":0},"end":{"line":20,"column":22}},"20":{"start":{"line":21,"column":0},"end":{"line":21,"column":26}},"21":{"start":{"line":22,"column":0},"end":{"line":22,"column":85}},"22":{"start":{"line":23,"column":0},"end":{"line":23,"column":11}},"23":{"start":{"line":24,"column":0},"end":{"line":24,"column":27}},"24":{"start":{"line":25,"column":0},"end":{"line":25,"column":57}},"25":{"start":{"line":26,"column":0},"end":{"line":26,"column":36}},"26":{"start":{"line":27,"column":0},"end":{"line":27,"column":34}},"27":{"start":{"line":28,"column":0},"end":{"line":28,"column":23}},"28":{"start":{"line":29,"column":0},"end":{"line":29,"column":37}},"29":{"start":{"line":30,"column":0},"end":{"line":30,"column":18}},"30":{"start":{"line":31,"column":0},"end":{"line":31,"column":24}},"31":{"start":{"line":32,"column":0},"end":{"line":32,"column":13}},"32":{"start":{"line":33,"column":0},"end":{"line":33,"column":27}},"33":{"start":{"line":34,"column":0},"end":{"line":34,"column":16}},"34":{"start":{"line":35,"column":0},"end":{"line":35,"column":22}},"35":{"start":{"line":36,"column":0},"end":{"line":36,"column":22}},"36":{"start":{"line":37,"column":0},"end":{"line":37,"column":9}},"37":{"start":{"line":38,"column":0},"end":{"line":38,"column":5}},"38":{"start":{"line":39,"column":0},"end":{"line":39,"column":3}},"39":{"start":{"line":40,"column":0},"end":{"line":40,"column":15}},"40":{"start":{"line":41,"column":0},"end":{"line":41,"column":1}}},"s":{"2":1,"3":1,"4":1,"5":1,"6":1,"8":1,"9":1,"10":1,"11":1,"12":1,"14":1,"15":22,"16":22,"18":1,"19":37,"20":37,"21":37,"22":37,"23":37,"24":37,"25":102,"26":102,"27":102,"28":102,"29":106,"30":106,"31":106,"32":106,"33":106,"34":106,"35":106,"36":106,"37":106,"38":102,"39":37,"40":37},"branchMap":{"0":{"type":"branch","line":15,"loc":{"start":{"line":15,"column":7},"end":{"line":17,"column":1}},"locations":[{"start":{"line":15,"column":7},"end":{"line":17,"column":1}}]},"1":{"type":"branch","line":19,"loc":{"start":{"line":19,"column":7},"end":{"line":41,"column":1}},"locations":[{"start":{"line":19,"column":7},"end":{"line":41,"column":1}}]},"2":{"type":"branch","line":25,"loc":{"start":{"line":25,"column":56},"end":{"line":39,"column":3}},"locations":[{"start":{"line":25,"column":56},"end":{"line":39,"column":3}}]},"3":{"type":"branch","line":26,"loc":{"start":{"line":26,"column":29},"end":{"line":26,"column":36}},"locations":[{"start":{"line":26,"column":29},"end":{"line":26,"column":36}}]},"4":{"type":"branch","line":28,"loc":{"start":{"line":28,"column":14},"end":{"line":28,"column":23}},"locations":[{"start":{"line":28,"column":14},"end":{"line":28,"column":23}}]},"5":{"type":"branch","line":29,"loc":{"start":{"line":29,"column":36},"end":{"line":38,"column":5}},"locations":[{"start":{"line":29,"column":36},"end":{"line":38,"column":5}}]}},"b":{"0":[22],"1":[37],"2":[102],"3":[0],"4":[0],"5":[106]},"fnMap":{"0":{"name":"defaultFleetConfig","decl":{"start":{"line":15,"column":7},"end":{"line":17,"column":1}},"loc":{"start":{"line":15,"column":7},"end":{"line":17,"column":1}},"line":15},"1":{"name":"buildFleet","decl":{"start":{"line":19,"column":7},"end":{"line":41,"column":1}},"loc":{"start":{"line":19,"column":7},"end":{"line":41,"column":1}},"line":19}},"f":{"0":22,"1":37}}
,"/Users/diegobq/git/battleship/packages/core/src/core/game.ts": {"path":"/Users/diegobq/git/battleship/packages/core/src/core/game.ts","all":false,"statementMap":{"0":{"start":{"line":1,"column":0},"end":{"line":1,"column":106}},"24":{"start":{"line":25,"column":0},"end":{"line":25,"column":69}},"25":{"start":{"line":26,"column":0},"end":{"line":26,"column":10}},"26":{"start":{"line":27,"column":0},"end":{"line":27,"column":7}},"27":{"start":{"line":28,"column":0},"end":{"line":28,"column":9}},"28":{"start":{"line":29,"column":0},"end":{"line":29,"column":28}},"29":{"start":{"line":30,"column":0},"end":{"line":30,"column":14}},"30":{"start":{"line":31,"column":0},"end":{"line":31,"column":13}},"31":{"start":{"line":32,"column":0},"end":{"line":32,"column":23}},"32":{"start":{"line":33,"column":0},"end":{"line":33,"column":17}},"33":{"start":{"line":34,"column":0},"end":{"line":34,"column":4}},"34":{"start":{"line":35,"column":0},"end":{"line":35,"column":1}},"36":{"start":{"line":37,"column":0},"end":{"line":37,"column":34}},"41":{"start":{"line":42,"column":0},"end":{"line":42,"column":15}},"42":{"start":{"line":43,"column":0},"end":{"line":43,"column":31}},"43":{"start":{"line":44,"column":0},"end":{"line":44,"column":10}},"44":{"start":{"line":45,"column":0},"end":{"line":45,"column":16}},"45":{"start":{"line":46,"column":0},"end":{"line":46,"column":20}},"46":{"start":{"line":47,"column":0},"end":{"line":47,"column":24}},"47":{"start":{"line":48,"column":0},"end":{"line":48,"column":43}},"48":{"start":{"line":49,"column":0},"end":{"line":49,"column":25}},"49":{"start":{"line":50,"column":0},"end":{"line":50,"column":24}},"50":{"start":{"line":51,"column":0},"end":{"line":51,"column":19}},"51":{"start":{"line":52,"column":0},"end":{"line":52,"column":25}},"52":{"start":{"line":53,"column":0},"end":{"line":53,"column":19}},"53":{"start":{"line":54,"column":0},"end":{"line":54,"column":4}},"54":{"start":{"line":55,"column":0},"end":{"line":55,"column":1}},"56":{"start":{"line":57,"column":0},"end":{"line":57,"column":32}},"57":{"start":{"line":58,"column":0},"end":{"line":58,"column":18}},"58":{"start":{"line":59,"column":0},"end":{"line":59,"column":22}},"59":{"start":{"line":60,"column":0},"end":{"line":60,"column":36}},"60":{"start":{"line":61,"column":0},"end":{"line":61,"column":14}},"61":{"start":{"line":62,"column":0},"end":{"line":62,"column":32}},"62":{"start":{"line":63,"column":0},"end":{"line":63,"column":90}},"63":{"start":{"line":64,"column":0},"end":{"line":64,"column":3}},"64":{"start":{"line":65,"column":0},"end":{"line":65,"column":46}},"65":{"start":{"line":66,"column":0},"end":{"line":66,"column":85}},"66":{"start":{"line":67,"column":0},"end":{"line":67,"column":3}},"67":{"start":{"line":68,"column":0},"end":{"line":68,"column":45}},"68":{"start":{"line":69,"column":0},"end":{"line":69,"column":97}},"69":{"start":{"line":70,"column":0},"end":{"line":70,"column":85}},"70":{"start":{"line":71,"column":0},"end":{"line":71,"column":10}},"71":{"start":{"line":72,"column":0},"end":{"line":72,"column":12}},"72":{"start":{"line":73,"column":0},"end":{"line":73,"column":24}},"73":{"start":{"line":74,"column":0},"end":{"line":74,"column":53}},"74":{"start":{"line":75,"column":0},"end":{"line":75,"column":4}},"75":{"start":{"line":76,"column":0},"end":{"line":76,"column":1}},"77":{"start":{"line":78,"column":0},"end":{"line":78,"column":27}},"78":{"start":{"line":79,"column":0},"end":{"line":79,"column":18}},"79":{"start":{"line":80,"column":0},"end":{"line":80,"column":19}},"80":{"start":{"line":81,"column":0},"end":{"line":81,"column":39}},"81":{"start":{"line":82,"column":0},"end":{"line":82,"column":35}},"82":{"start":{"line":83,"column":0},"end":{"line":83,"column":14}},"83":{"start":{"line":84,"column":0},"end":{"line":84,"column":36}},"84":{"start":{"line":85,"column":0},"end":{"line":85,"column":91}},"85":{"start":{"line":86,"column":0},"end":{"line":86,"column":3}},"86":{"start":{"line":87,"column":0},"end":{"line":87,"column":40}},"87":{"start":{"line":88,"column":0},"end":{"line":88,"column":16}},"88":{"start":{"line":89,"column":0},"end":{"line":89,"column":78}},"89":{"start":{"line":90,"column":0},"end":{"line":90,"column":3}},"90":{"start":{"line":91,"column":0},"end":{"line":91,"column":60}},"91":{"start":{"line":92,"column":0},"end":{"line":92,"column":104}},"92":{"start":{"line":93,"column":0},"end":{"line":93,"column":65}},"93":{"start":{"line":94,"column":0},"end":{"line":94,"column":18}},"94":{"start":{"line":95,"column":0},"end":{"line":95,"column":40}},"95":{"start":{"line":96,"column":0},"end":{"line":96,"column":79}},"96":{"start":{"line":97,"column":0},"end":{"line":97,"column":47}},"97":{"start":{"line":98,"column":0},"end":{"line":98,"column":52}},"98":{"start":{"line":99,"column":0},"end":{"line":99,"column":1}},"100":{"start":{"line":101,"column":0},"end":{"line":101,"column":26}},"101":{"start":{"line":102,"column":0},"end":{"line":102,"column":25}},"102":{"start":{"line":103,"column":0},"end":{"line":103,"column":39}},"103":{"start":{"line":104,"column":0},"end":{"line":104,"column":64}},"104":{"start":{"line":105,"column":0},"end":{"line":105,"column":43}},"105":{"start":{"line":106,"column":0},"end":{"line":106,"column":92}},"106":{"start":{"line":107,"column":0},"end":{"line":107,"column":3}},"107":{"start":{"line":108,"column":0},"end":{"line":108,"column":52}},"108":{"start":{"line":109,"column":0},"end":{"line":109,"column":31}},"109":{"start":{"line":110,"column":0},"end":{"line":110,"column":28}},"110":{"start":{"line":111,"column":0},"end":{"line":111,"column":31}},"111":{"start":{"line":112,"column":0},"end":{"line":112,"column":36}},"112":{"start":{"line":113,"column":0},"end":{"line":113,"column":87}},"113":{"start":{"line":114,"column":0},"end":{"line":114,"column":81}},"114":{"start":{"line":115,"column":0},"end":{"line":115,"column":18}},"115":{"start":{"line":116,"column":0},"end":{"line":116,"column":30}},"116":{"start":{"line":117,"column":0},"end":{"line":117,"column":22}},"117":{"start":{"line":118,"column":0},"end":{"line":118,"column":73}},"118":{"start":{"line":119,"column":0},"end":{"line":119,"column":8}},"119":{"start":{"line":120,"column":0},"end":{"line":120,"column":5}},"120":{"start":{"line":121,"column":0},"end":{"line":121,"column":23}},"121":{"start":{"line":122,"column":0},"end":{"line":122,"column":29}},"122":{"start":{"line":123,"column":0},"end":{"line":123,"column":3}},"123":{"start":{"line":124,"column":0},"end":{"line":124,"column":33}},"124":{"start":{"line":125,"column":0},"end":{"line":125,"column":1}},"126":{"start":{"line":127,"column":0},"end":{"line":127,"column":85}},"127":{"start":{"line":128,"column":0},"end":{"line":128,"column":77}},"128":{"start":{"line":129,"column":0},"end":{"line":129,"column":31}},"129":{"start":{"line":130,"column":0},"end":{"line":130,"column":10}},"130":{"start":{"line":131,"column":0},"end":{"line":131,"column":12}},"131":{"start":{"line":132,"column":0},"end":{"line":132,"column":22}},"132":{"start":{"line":133,"column":0},"end":{"line":133,"column":32}},"133":{"start":{"line":134,"column":0},"end":{"line":134,"column":24}},"134":{"start":{"line":135,"column":0},"end":{"line":135,"column":50}},"135":{"start":{"line":136,"column":0},"end":{"line":136,"column":4}},"136":{"start":{"line":137,"column":0},"end":{"line":137,"column":1}},"138":{"start":{"line":139,"column":0},"end":{"line":139,"column":28}},"139":{"start":{"line":140,"column":0},"end":{"line":140,"column":18}},"140":{"start":{"line":141,"column":0},"end":{"line":141,"column":20}},"141":{"start":{"line":142,"column":0},"end":{"line":142,"column":12}},"142":{"start":{"line":143,"column":0},"end":{"line":143,"column":12}},"143":{"start":{"line":144,"column":0},"end":{"line":144,"column":25}},"144":{"start":{"line":145,"column":0},"end":{"line":145,"column":44}},"145":{"start":{"line":146,"column":0},"end":{"line":146,"column":38}},"146":{"start":{"line":147,"column":0},"end":{"line":147,"column":52}},"147":{"start":{"line":148,"column":0},"end":{"line":148,"column":44}},"148":{"start":{"line":149,"column":0},"end":{"line":149,"column":42}},"150":{"start":{"line":151,"column":0},"end":{"line":151,"column":46}},"151":{"start":{"line":152,"column":0},"end":{"line":152,"column":73}},"152":{"start":{"line":153,"column":0},"end":{"line":153,"column":61}},"154":{"start":{"line":155,"column":0},"end":{"line":155,"column":56}},"155":{"start":{"line":156,"column":0},"end":{"line":156,"column":27}},"156":{"start":{"line":157,"column":0},"end":{"line":157,"column":18}},"157":{"start":{"line":158,"column":0},"end":{"line":158,"column":54}},"158":{"start":{"line":159,"column":0},"end":{"line":159,"column":45}},"159":{"start":{"line":160,"column":0},"end":{"line":160,"column":53}},"160":{"start":{"line":161,"column":0},"end":{"line":161,"column":16}},"161":{"start":{"line":162,"column":0},"end":{"line":162,"column":35}},"162":{"start":{"line":163,"column":0},"end":{"line":163,"column":5}},"164":{"start":{"line":165,"column":0},"end":{"line":165,"column":48}},"165":{"start":{"line":166,"column":0},"end":{"line":166,"column":36}},"166":{"start":{"line":167,"column":0},"end":{"line":167,"column":9}},"167":{"start":{"line":168,"column":0},"end":{"line":168,"column":14}},"168":{"start":{"line":169,"column":0},"end":{"line":169,"column":15}},"169":{"start":{"line":170,"column":0},"end":{"line":170,"column":12}},"170":{"start":{"line":171,"column":0},"end":{"line":171,"column":13}},"171":{"start":{"line":172,"column":0},"end":{"line":172,"column":31}},"172":{"start":{"line":173,"column":0},"end":{"line":173,"column":39}},"173":{"start":{"line":174,"column":0},"end":{"line":174,"column":17}},"174":{"start":{"line":175,"column":0},"end":{"line":175,"column":20}},"175":{"start":{"line":176,"column":0},"end":{"line":176,"column":13}},"176":{"start":{"line":177,"column":0},"end":{"line":177,"column":22}},"177":{"start":{"line":178,"column":0},"end":{"line":178,"column":5}},"179":{"start":{"line":180,"column":0},"end":{"line":180,"column":10}},"180":{"start":{"line":181,"column":0},"end":{"line":181,"column":19}},"181":{"start":{"line":182,"column":0},"end":{"line":182,"column":13}},"182":{"start":{"line":183,"column":0},"end":{"line":183,"column":20}},"183":{"start":{"line":184,"column":0},"end":{"line":184,"column":44}},"184":{"start":{"line":185,"column":0},"end":{"line":185,"column":15}},"185":{"start":{"line":186,"column":0},"end":{"line":186,"column":19}},"186":{"start":{"line":187,"column":0},"end":{"line":187,"column":44}},"187":{"start":{"line":188,"column":0},"end":{"line":188,"column":6}},"188":{"start":{"line":189,"column":0},"end":{"line":189,"column":4}},"189":{"start":{"line":190,"column":0},"end":{"line":190,"column":1}},"191":{"start":{"line":192,"column":0},"end":{"line":192,"column":25}},"192":{"start":{"line":193,"column":0},"end":{"line":193,"column":25}},"193":{"start":{"line":194,"column":0},"end":{"line":194,"column":19}},"194":{"start":{"line":195,"column":0},"end":{"line":195,"column":15}},"195":{"start":{"line":196,"column":0},"end":{"line":196,"column":47}},"196":{"start":{"line":197,"column":0},"end":{"line":197,"column":41}},"197":{"start":{"line":198,"column":0},"end":{"line":198,"column":41}},"198":{"start":{"line":199,"column":0},"end":{"line":199,"column":36}},"199":{"start":{"line":200,"column":0},"end":{"line":200,"column":79}},"200":{"start":{"line":201,"column":0},"end":{"line":201,"column":28}},"201":{"start":{"line":202,"column":0},"end":{"line":202,"column":50}},"202":{"start":{"line":203,"column":0},"end":{"line":203,"column":59}},"203":{"start":{"line":204,"column":0},"end":{"line":204,"column":16}},"204":{"start":{"line":205,"column":0},"end":{"line":205,"column":5}},"205":{"start":{"line":206,"column":0},"end":{"line":206,"column":42}},"206":{"start":{"line":207,"column":0},"end":{"line":207,"column":1}},"208":{"start":{"line":209,"column":0},"end":{"line":209,"column":58}},"209":{"start":{"line":210,"column":0},"end":{"line":210,"column":75}},"210":{"start":{"line":211,"column":0},"end":{"line":211,"column":1}},"212":{"start":{"line":213,"column":0},"end":{"line":213,"column":32}},"224":{"start":{"line":225,"column":0},"end":{"line":225,"column":15}},"225":{"start":{"line":226,"column":0},"end":{"line":226,"column":71}},"226":{"start":{"line":227,"column":0},"end":{"line":227,"column":35}},"227":{"start":{"line":228,"column":0},"end":{"line":228,"column":20}},"228":{"start":{"line":229,"column":0},"end":{"line":229,"column":20}},"229":{"start":{"line":230,"column":0},"end":{"line":230,"column":42}},"230":{"start":{"line":231,"column":0},"end":{"line":231,"column":4}},"231":{"start":{"line":232,"column":0},"end":{"line":232,"column":36}},"232":{"start":{"line":233,"column":0},"end":{"line":233,"column":21}},"233":{"start":{"line":234,"column":0},"end":{"line":234,"column":31}},"234":{"start":{"line":235,"column":0},"end":{"line":235,"column":33}},"235":{"start":{"line":236,"column":0},"end":{"line":236,"column":4}},"236":{"start":{"line":237,"column":0},"end":{"line":237,"column":31}},"237":{"start":{"line":238,"column":0},"end":{"line":238,"column":10}},"238":{"start":{"line":239,"column":0},"end":{"line":239,"column":17}},"239":{"start":{"line":240,"column":0},"end":{"line":240,"column":78}},"240":{"start":{"line":241,"column":0},"end":{"line":241,"column":59}},"241":{"start":{"line":242,"column":0},"end":{"line":242,"column":24}},"242":{"start":{"line":243,"column":0},"end":{"line":243,"column":78}},"243":{"start":{"line":244,"column":0},"end":{"line":244,"column":51}},"244":{"start":{"line":245,"column":0},"end":{"line":245,"column":52}},"245":{"start":{"line":246,"column":0},"end":{"line":246,"column":4}},"246":{"start":{"line":247,"column":0},"end":{"line":247,"column":1}},"248":{"start":{"line":249,"column":0},"end":{"line":249,"column":87}},"249":{"start":{"line":250,"column":0},"end":{"line":250,"column":58}},"250":{"start":{"line":251,"column":0},"end":{"line":251,"column":90}},"251":{"start":{"line":252,"column":0},"end":{"line":252,"column":3}},"252":{"start":{"line":253,"column":0},"end":{"line":253,"column":62}},"253":{"start":{"line":254,"column":0},"end":{"line":254,"column":31}},"254":{"start":{"line":255,"column":0},"end":{"line":255,"column":40}},"255":{"start":{"line":256,"column":0},"end":{"line":256,"column":10}},"256":{"start":{"line":257,"column":0},"end":{"line":257,"column":12}},"257":{"start":{"line":258,"column":0},"end":{"line":258,"column":14}},"258":{"start":{"line":259,"column":0},"end":{"line":259,"column":22}},"259":{"start":{"line":260,"column":0},"end":{"line":260,"column":70}},"260":{"start":{"line":261,"column":0},"end":{"line":261,"column":6}},"261":{"start":{"line":262,"column":0},"end":{"line":262,"column":31}},"262":{"start":{"line":263,"column":0},"end":{"line":263,"column":24}},"263":{"start":{"line":264,"column":0},"end":{"line":264,"column":50}},"264":{"start":{"line":265,"column":0},"end":{"line":265,"column":4}},"265":{"start":{"line":266,"column":0},"end":{"line":266,"column":1}}},"s":{"0":1,"24":1,"25":51,"26":51,"27":51,"28":51,"29":51,"30":51,"31":51,"32":51,"33":51,"34":51,"36":1,"41":31,"42":31,"43":31,"44":31,"45":31,"46":31,"47":31,"48":31,"49":31,"50":31,"51":31,"52":31,"53":31,"54":31,"56":1,"57":16,"58":16,"59":16,"60":16,"61":16,"62":1,"63":1,"64":16,"65":0,"66":0,"67":15,"68":15,"69":15,"70":15,"71":15,"72":15,"73":15,"74":15,"75":15,"77":1,"78":22,"79":22,"80":22,"81":22,"82":22,"83":22,"84":0,"85":0,"86":22,"87":22,"88":0,"89":0,"90":22,"91":22,"92":22,"93":22,"94":22,"95":19,"96":22,"97":22,"98":22,"100":22,"101":22,"102":22,"103":22,"104":22,"105":1,"106":1,"107":21,"108":21,"109":21,"110":22,"111":60,"112":60,"113":60,"114":60,"115":2,"116":2,"117":2,"118":2,"119":2,"120":58,"121":58,"122":58,"123":19,"124":19,"126":9,"127":9,"128":9,"129":9,"130":9,"131":9,"132":9,"133":9,"134":9,"135":9,"136":9,"138":1,"139":12,"140":12,"141":12,"142":12,"143":12,"144":12,"145":12,"146":12,"147":12,"148":12,"150":12,"151":12,"152":12,"154":12,"155":12,"156":12,"157":12,"158":12,"159":12,"160":12,"161":12,"162":12,"164":12,"165":12,"166":12,"167":12,"168":12,"169":12,"170":12,"171":12,"172":12,"173":12,"174":12,"175":12,"176":12,"177":12,"179":12,"180":12,"181":12,"182":12,"183":12,"184":12,"185":12,"186":12,"187":12,"188":12,"189":12,"191":11,"192":11,"193":11,"194":11,"195":11,"196":11,"197":9,"198":9,"199":27,"200":27,"201":9,"202":27,"203":9,"204":9,"205":9,"206":9,"208":11,"209":11,"210":11,"212":11,"224":11,"225":11,"226":11,"227":11,"228":11,"229":11,"230":11,"231":11,"232":11,"233":11,"234":11,"235":11,"236":11,"237":11,"238":11,"239":11,"240":11,"241":11,"242":11,"243":11,"244":11,"245":11,"246":11,"248":1,"249":2,"250":1,"251":1,"252":1,"253":1,"254":1,"255":1,"256":1,"257":1,"258":1,"259":1,"260":1,"261":1,"262":1,"263":1,"264":1,"265":1},"branchMap":{"0":{"type":"branch","line":25,"loc":{"start":{"line":25,"column":7},"end":{"line":35,"column":1}},"locations":[{"start":{"line":25,"column":7},"end":{"line":35,"column":1}}]},"1":{"type":"branch","line":37,"loc":{"start":{"line":37,"column":7},"end":{"line":55,"column":1}},"locations":[{"start":{"line":37,"column":7},"end":{"line":55,"column":1}}]},"2":{"type":"branch","line":57,"loc":{"start":{"line":57,"column":7},"end":{"line":76,"column":1}},"locations":[{"start":{"line":57,"column":7},"end":{"line":76,"column":1}}]},"3":{"type":"branch","line":62,"loc":{"start":{"line":62,"column":31},"end":{"line":64,"column":3}},"locations":[{"start":{"line":62,"column":31},"end":{"line":64,"column":3}}]},"4":{"type":"branch","line":64,"loc":{"start":{"line":64,"column":2},"end":{"line":65,"column":45}},"locations":[{"start":{"line":64,"column":2},"end":{"line":65,"column":45}}]},"5":{"type":"branch","line":65,"loc":{"start":{"line":65,"column":45},"end":{"line":67,"column":3}},"locations":[{"start":{"line":65,"column":45},"end":{"line":67,"column":3}}]},"6":{"type":"branch","line":67,"loc":{"start":{"line":67,"column":2},"end":{"line":76,"column":1}},"locations":[{"start":{"line":67,"column":2},"end":{"line":76,"column":1}}]},"7":{"type":"branch","line":78,"loc":{"start":{"line":78,"column":7},"end":{"line":99,"column":1}},"locations":[{"start":{"line":78,"column":7},"end":{"line":99,"column":1}}]},"8":{"type":"branch","line":84,"loc":{"start":{"line":84,"column":35},"end":{"line":86,"column":3}},"locations":[{"start":{"line":84,"column":35},"end":{"line":86,"column":3}}]},"9":{"type":"branch","line":88,"loc":{"start":{"line":88,"column":15},"end":{"line":90,"column":3}},"locations":[{"start":{"line":88,"column":15},"end":{"line":90,"column":3}}]},"10":{"type":"branch","line":95,"loc":{"start":{"line":95,"column":36},"end":{"line":96,"column":79}},"locations":[{"start":{"line":95,"column":36},"end":{"line":96,"column":79}}]},"11":{"type":"branch","line":98,"loc":{"start":{"line":98,"column":9},"end":{"line":98,"column":47}},"locations":[{"start":{"line":98,"column":9},"end":{"line":98,"column":47}}]},"12":{"type":"branch","line":98,"loc":{"start":{"line":98,"column":43},"end":{"line":98,"column":52}},"locations":[{"start":{"line":98,"column":43},"end":{"line":98,"column":52}}]},"13":{"type":"branch","line":96,"loc":{"start":{"line":96,"column":33},"end":{"line":96,"column":77}},"locations":[{"start":{"line":96,"column":33},"end":{"line":96,"column":77}}]},"14":{"type":"branch","line":96,"loc":{"start":{"line":96,"column":42},"end":{"line":96,"column":77}},"locations":[{"start":{"line":96,"column":42},"end":{"line":96,"column":77}}]},"15":{"type":"branch","line":101,"loc":{"start":{"line":101,"column":0},"end":{"line":125,"column":1}},"locations":[{"start":{"line":101,"column":0},"end":{"line":125,"column":1}}]},"16":{"type":"branch","line":105,"loc":{"start":{"line":105,"column":42},"end":{"line":107,"column":3}},"locations":[{"start":{"line":105,"column":42},"end":{"line":107,"column":3}}]},"17":{"type":"branch","line":107,"loc":{"start":{"line":107,"column":2},"end":{"line":111,"column":30}},"locations":[{"start":{"line":107,"column":2},"end":{"line":111,"column":30}}]},"18":{"type":"branch","line":111,"loc":{"start":{"line":111,"column":30},"end":{"line":123,"column":3}},"locations":[{"start":{"line":111,"column":30},"end":{"line":123,"column":3}}]},"19":{"type":"branch","line":113,"loc":{"start":{"line":113,"column":15},"end":{"line":113,"column":87}},"locations":[{"start":{"line":113,"column":15},"end":{"line":113,"column":87}}]},"20":{"type":"branch","line":115,"loc":{"start":{"line":115,"column":17},"end":{"line":120,"column":5}},"locations":[{"start":{"line":115,"column":17},"end":{"line":120,"column":5}}]},"21":{"type":"branch","line":120,"loc":{"start":{"line":120,"column":4},"end":{"line":123,"column":3}},"locations":[{"start":{"line":120,"column":4},"end":{"line":123,"column":3}}]},"22":{"type":"branch","line":123,"loc":{"start":{"line":123,"column":2},"end":{"line":125,"column":1}},"locations":[{"start":{"line":123,"column":2},"end":{"line":125,"column":1}}]},"23":{"type":"branch","line":108,"loc":{"start":{"line":108,"column":33},"end":{"line":108,"column":49}},"locations":[{"start":{"line":108,"column":33},"end":{"line":108,"column":49}}]},"24":{"type":"branch","line":127,"loc":{"start":{"line":127,"column":0},"end":{"line":137,"column":1}},"locations":[{"start":{"line":127,"column":0},"end":{"line":137,"column":1}}]},"25":{"type":"branch","line":139,"loc":{"start":{"line":139,"column":7},"end":{"line":190,"column":1}},"locations":[{"start":{"line":139,"column":7},"end":{"line":190,"column":1}}]},"26":{"type":"branch","line":187,"loc":{"start":{"line":187,"column":23},"end":{"line":187,"column":37}},"locations":[{"start":{"line":187,"column":23},"end":{"line":187,"column":37}}]},"27":{"type":"branch","line":187,"loc":{"start":{"line":187,"column":29},"end":{"line":187,"column":44}},"locations":[{"start":{"line":187,"column":29},"end":{"line":187,"column":44}}]},"28":{"type":"branch","line":192,"loc":{"start":{"line":192,"column":0},"end":{"line":207,"column":1}},"locations":[{"start":{"line":192,"column":0},"end":{"line":207,"column":1}}]},"29":{"type":"branch","line":197,"loc":{"start":{"line":197,"column":12},"end":{"line":197,"column":41}},"locations":[{"start":{"line":197,"column":12},"end":{"line":197,"column":41}}]},"30":{"type":"branch","line":197,"loc":{"start":{"line":197,"column":39},"end":{"line":207,"column":1}},"locations":[{"start":{"line":197,"column":39},"end":{"line":207,"column":1}}]},"31":{"type":"branch","line":199,"loc":{"start":{"line":199,"column":28},"end":{"line":205,"column":3}},"locations":[{"start":{"line":199,"column":28},"end":{"line":205,"column":3}}]},"32":{"type":"branch","line":201,"loc":{"start":{"line":201,"column":19},"end":{"line":201,"column":28}},"locations":[{"start":{"line":201,"column":19},"end":{"line":201,"column":28}}]},"33":{"type":"branch","line":201,"loc":{"start":{"line":201,"column":26},"end":{"line":203,"column":49}},"locations":[{"start":{"line":201,"column":26},"end":{"line":203,"column":49}}]},"34":{"type":"branch","line":203,"loc":{"start":{"line":203,"column":34},"end":{"line":203,"column":59}},"locations":[{"start":{"line":203,"column":34},"end":{"line":203,"column":59}}]},"35":{"type":"branch","line":203,"loc":{"start":{"line":203,"column":54},"end":{"line":204,"column":16}},"locations":[{"start":{"line":203,"column":54},"end":{"line":204,"column":16}}]},"36":{"type":"branch","line":200,"loc":{"start":{"line":200,"column":38},"end":{"line":200,"column":77}},"locations":[{"start":{"line":200,"column":38},"end":{"line":200,"column":77}}]},"37":{"type":"branch","line":200,"loc":{"start":{"line":200,"column":58},"end":{"line":200,"column":77}},"locations":[{"start":{"line":200,"column":58},"end":{"line":200,"column":77}}]},"38":{"type":"branch","line":209,"loc":{"start":{"line":209,"column":0},"end":{"line":211,"column":1}},"locations":[{"start":{"line":209,"column":0},"end":{"line":211,"column":1}}]},"39":{"type":"branch","line":210,"loc":{"start":{"line":210,"column":22},"end":{"line":210,"column":72}},"locations":[{"start":{"line":210,"column":22},"end":{"line":210,"column":72}}]},"40":{"type":"branch","line":213,"loc":{"start":{"line":213,"column":0},"end":{"line":247,"column":1}},"locations":[{"start":{"line":213,"column":0},"end":{"line":247,"column":1}}]},"41":{"type":"branch","line":241,"loc":{"start":{"line":241,"column":25},"end":{"line":241,"column":43}},"locations":[{"start":{"line":241,"column":25},"end":{"line":241,"column":43}}]},"42":{"type":"branch","line":241,"loc":{"start":{"line":241,"column":36},"end":{"line":241,"column":59}},"locations":[{"start":{"line":241,"column":36},"end":{"line":241,"column":59}}]},"43":{"type":"branch","line":243,"loc":{"start":{"line":243,"column":25},"end":{"line":243,"column":43}},"locations":[{"start":{"line":243,"column":25},"end":{"line":243,"column":43}}]},"44":{"type":"branch","line":243,"loc":{"start":{"line":243,"column":36},"end":{"line":243,"column":78}},"locations":[{"start":{"line":243,"column":36},"end":{"line":243,"column":78}}]},"45":{"type":"branch","line":244,"loc":{"start":{"line":244,"column":17},"end":{"line":244,"column":41}},"locations":[{"start":{"line":244,"column":17},"end":{"line":244,"column":41}}]},"46":{"type":"branch","line":244,"loc":{"start":{"line":244,"column":28},"end":{"line":244,"column":51}},"locations":[{"start":{"line":244,"column":28},"end":{"line":244,"column":51}}]},"47":{"type":"branch","line":245,"loc":{"start":{"line":245,"column":19},"end":{"line":245,"column":47}},"locations":[{"start":{"line":245,"column":19},"end":{"line":245,"column":47}}]},"48":{"type":"branch","line":245,"loc":{"start":{"line":245,"column":35},"end":{"line":245,"column":52}},"locations":[{"start":{"line":245,"column":35},"end":{"line":245,"column":52}}]},"49":{"type":"branch","line":249,"loc":{"start":{"line":249,"column":7},"end":{"line":266,"column":1}},"locations":[{"start":{"line":249,"column":7},"end":{"line":266,"column":1}}]},"50":{"type":"branch","line":250,"loc":{"start":{"line":250,"column":22},"end":{"line":250,"column":57}},"locations":[{"start":{"line":250,"column":22},"end":{"line":250,"column":57}}]},"51":{"type":"branch","line":250,"loc":{"start":{"line":250,"column":57},"end":{"line":266,"column":1}},"locations":[{"start":{"line":250,"column":57},"end":{"line":266,"column":1}}]}},"b":{"0":[51],"1":[31],"2":[16],"3":[1],"4":[15],"5":[0],"6":[15],"7":[22],"8":[0],"9":[0],"10":[19],"11":[9],"12":[10],"13":[38],"14":[28],"15":[22],"16":[1],"17":[21],"18":[60],"19":[0],"20":[2],"21":[58],"22":[19],"23":[63],"24":[9],"25":[12],"26":[9],"27":[2],"28":[11],"29":[2],"30":[9],"31":[27],"32":[18],"33":[9],"34":[6],"35":[9],"36":[50],"37":[13],"38":[11],"39":[33],"40":[11],"41":[1],"42":[10],"43":[1],"44":[10],"45":[1],"46":[10],"47":[1],"48":[10],"49":[2],"50":[1],"51":[1]},"fnMap":{"0":{"name":"createPlayer","decl":{"start":{"line":25,"column":7},"end":{"line":35,"column":1}},"loc":{"start":{"line":25,"column":7},"end":{"line":35,"column":1}},"line":25},"1":{"name":"createGame","decl":{"start":{"line":37,"column":7},"end":{"line":55,"column":1}},"loc":{"start":{"line":37,"column":7},"end":{"line":55,"column":1}},"line":37},"2":{"name":"addSecondPlayer","decl":{"start":{"line":57,"column":7},"end":{"line":76,"column":1}},"loc":{"start":{"line":57,"column":7},"end":{"line":76,"column":1}},"line":57},"3":{"name":"placeFleet","decl":{"start":{"line":78,"column":7},"end":{"line":99,"column":1}},"loc":{"start":{"line":78,"column":7},"end":{"line":99,"column":1}},"line":78},"4":{"name":"buildPlacedFleet","decl":{"start":{"line":101,"column":0},"end":{"line":125,"column":1}},"loc":{"start":{"line":101,"column":0},"end":{"line":125,"column":1}},"line":101},"5":{"name":"startPlaying","decl":{"start":{"line":127,"column":0},"end":{"line":137,"column":1}},"loc":{"start":{"line":127,"column":0},"end":{"line":137,"column":1}},"line":127},"6":{"name":"processShot","decl":{"start":{"line":139,"column":7},"end":{"line":190,"column":1}},"loc":{"start":{"line":139,"column":7},"end":{"line":190,"column":1}},"line":139},"7":{"name":"applyHitToShips","decl":{"start":{"line":192,"column":0},"end":{"line":207,"column":1}},"loc":{"start":{"line":192,"column":0},"end":{"line":207,"column":1}},"line":192},"8":{"name":"countUnHitCells","decl":{"start":{"line":209,"column":0},"end":{"line":211,"column":1}},"loc":{"start":{"line":209,"column":0},"end":{"line":211,"column":1}},"line":209},"9":{"name":"applyShotResult","decl":{"start":{"line":213,"column":0},"end":{"line":247,"column":1}},"loc":{"start":{"line":213,"column":0},"end":{"line":247,"column":1}},"line":213},"10":{"name":"handleTurnTimeout","decl":{"start":{"line":249,"column":7},"end":{"line":266,"column":1}},"loc":{"start":{"line":249,"column":7},"end":{"line":266,"column":1}},"line":249}},"f":{"0":51,"1":31,"2":16,"3":22,"4":22,"5":9,"6":12,"7":11,"8":11,"9":11,"10":2}}
,"/Users/diegobq/git/battleship/packages/core/src/core/rng.ts": {"path":"/Users/diegobq/git/battleship/packages/core/src/core/rng.ts","all":false,"statementMap":{"4":{"start":{"line":5,"column":0},"end":{"line":5,"column":38}},"5":{"start":{"line":6,"column":0},"end":{"line":6,"column":39}},"6":{"start":{"line":7,"column":0},"end":{"line":7,"column":1}},"8":{"start":{"line":9,"column":0},"end":{"line":9,"column":50}},"9":{"start":{"line":10,"column":0},"end":{"line":10,"column":25}},"10":{"start":{"line":11,"column":0},"end":{"line":11,"column":10}},"11":{"start":{"line":12,"column":0},"end":{"line":12,"column":17}},"12":{"start":{"line":13,"column":0},"end":{"line":13,"column":39}},"13":{"start":{"line":14,"column":0},"end":{"line":14,"column":20}},"14":{"start":{"line":15,"column":0},"end":{"line":15,"column":43}},"15":{"start":{"line":16,"column":0},"end":{"line":16,"column":48}},"16":{"start":{"line":17,"column":0},"end":{"line":17,"column":51}},"17":{"start":{"line":18,"column":0},"end":{"line":18,"column":6}},"18":{"start":{"line":19,"column":0},"end":{"line":19,"column":4}},"19":{"start":{"line":20,"column":0},"end":{"line":20,"column":1}}},"s":{"4":1,"5":1,"6":1,"8":1,"9":242,"10":242,"11":242,"12":10451,"13":10451,"14":10451,"15":10451,"16":10451,"17":10451,"18":242,"19":242},"branchMap":{"0":{"type":"branch","line":5,"loc":{"start":{"line":5,"column":7},"end":{"line":7,"column":1}},"locations":[{"start":{"line":5,"column":7},"end":{"line":7,"column":1}}]},"1":{"type":"branch","line":6,"loc":{"start":{"line":6,"column":17},"end":{"line":6,"column":37}},"locations":[{"start":{"line":6,"column":17},"end":{"line":6,"column":37}}]},"2":{"type":"branch","line":9,"loc":{"start":{"line":9,"column":7},"end":{"line":20,"column":1}},"locations":[{"start":{"line":9,"column":7},"end":{"line":20,"column":1}}]},"3":{"type":"branch","line":12,"loc":{"start":{"line":12,"column":10},"end":{"line":18,"column":6}},"locations":[{"start":{"line":12,"column":10},"end":{"line":18,"column":6}}]}},"b":{"0":[1],"1":[100],"2":[242],"3":[10451]},"fnMap":{"0":{"name":"makeSystemRng","decl":{"start":{"line":5,"column":7},"end":{"line":7,"column":1}},"loc":{"start":{"line":5,"column":7},"end":{"line":7,"column":1}},"line":5},"1":{"name":"next","decl":{"start":{"line":6,"column":17},"end":{"line":6,"column":37}},"loc":{"start":{"line":6,"column":17},"end":{"line":6,"column":37}},"line":6},"2":{"name":"makeSeededRng","decl":{"start":{"line":9,"column":7},"end":{"line":20,"column":1}},"loc":{"start":{"line":9,"column":7},"end":{"line":20,"column":1}},"line":9},"3":{"name":"next","decl":{"start":{"line":12,"column":10},"end":{"line":18,"column":6}},"loc":{"start":{"line":12,"column":10},"end":{"line":18,"column":6}},"line":12}},"f":{"0":1,"1":100,"2":242,"3":10451}}
,"/Users/diegobq/git/battleship/packages/core/src/core/rules.ts": {"path":"/Users/diegobq/git/battleship/packages/core/src/core/rules.ts","all":false,"statementMap":{"0":{"start":{"line":1,"column":0},"end":{"line":1,"column":54}},"4":{"start":{"line":5,"column":0},"end":{"line":5,"column":42}},"5":{"start":{"line":6,"column":0},"end":{"line":6,"column":14}},"6":{"start":{"line":7,"column":0},"end":{"line":7,"column":25}},"13":{"start":{"line":14,"column":0},"end":{"line":14,"column":20}},"14":{"start":{"line":15,"column":0},"end":{"line":15,"column":5}},"15":{"start":{"line":16,"column":0},"end":{"line":16,"column":19}},"16":{"start":{"line":17,"column":0},"end":{"line":17,"column":32}},"17":{"start":{"line":18,"column":0},"end":{"line":18,"column":3}},"18":{"start":{"line":19,"column":0},"end":{"line":19,"column":1}},"20":{"start":{"line":21,"column":0},"end":{"line":21,"column":74}},"21":{"start":{"line":22,"column":0},"end":{"line":22,"column":40}},"22":{"start":{"line":23,"column":0},"end":{"line":23,"column":25}},"23":{"start":{"line":24,"column":0},"end":{"line":24,"column":100}},"24":{"start":{"line":25,"column":0},"end":{"line":25,"column":3}},"25":{"start":{"line":26,"column":0},"end":{"line":26,"column":32}},"26":{"start":{"line":27,"column":0},"end":{"line":27,"column":78}},"27":{"start":{"line":28,"column":0},"end":{"line":28,"column":3}},"28":{"start":{"line":29,"column":0},"end":{"line":29,"column":47}},"29":{"start":{"line":30,"column":0},"end":{"line":30,"column":1}},"32":{"start":{"line":33,"column":0},"end":{"line":33,"column":46}},"34":{"start":{"line":35,"column":0},"end":{"line":35,"column":83}},"35":{"start":{"line":36,"column":0},"end":{"line":36,"column":31}},"36":{"start":{"line":37,"column":0},"end":{"line":37,"column":99}},"37":{"start":{"line":38,"column":0},"end":{"line":38,"column":3}},"38":{"start":{"line":39,"column":0},"end":{"line":39,"column":56}},"39":{"start":{"line":40,"column":0},"end":{"line":40,"column":24}},"40":{"start":{"line":41,"column":0},"end":{"line":41,"column":1}},"42":{"start":{"line":43,"column":0},"end":{"line":43,"column":94}},"43":{"start":{"line":44,"column":0},"end":{"line":44,"column":34}},"44":{"start":{"line":45,"column":0},"end":{"line":45,"column":100}},"45":{"start":{"line":46,"column":0},"end":{"line":46,"column":3}},"46":{"start":{"line":47,"column":0},"end":{"line":47,"column":42}},"47":{"start":{"line":48,"column":0},"end":{"line":48,"column":70}},"48":{"start":{"line":49,"column":0},"end":{"line":49,"column":3}},"49":{"start":{"line":50,"column":0},"end":{"line":50,"column":26}},"50":{"start":{"line":51,"column":0},"end":{"line":51,"column":82}},"51":{"start":{"line":52,"column":0},"end":{"line":52,"column":3}},"52":{"start":{"line":53,"column":0},"end":{"line":53,"column":52}},"53":{"start":{"line":54,"column":0},"end":{"line":54,"column":51}},"54":{"start":{"line":55,"column":0},"end":{"line":55,"column":42}},"55":{"start":{"line":56,"column":0},"end":{"line":56,"column":83}},"56":{"start":{"line":57,"column":0},"end":{"line":57,"column":3}},"57":{"start":{"line":58,"column":0},"end":{"line":58,"column":1}},"59":{"start":{"line":60,"column":0},"end":{"line":60,"column":60}},"60":{"start":{"line":61,"column":0},"end":{"line":61,"column":40}},"61":{"start":{"line":62,"column":0},"end":{"line":62,"column":1}}},"s":{"0":1,"4":1,"5":1,"6":16,"13":16,"14":16,"15":16,"16":16,"17":16,"18":1,"20":1,"21":32,"22":32,"23":1,"24":1,"25":32,"26":1,"27":1,"28":32,"29":32,"32":1,"34":1,"35":232,"36":1,"37":1,"38":231,"39":231,"40":231,"42":1,"43":20,"44":1,"45":1,"46":20,"47":3,"48":3,"49":20,"50":2,"51":2,"52":14,"53":14,"54":20,"55":2,"56":2,"57":20,"59":1,"60":14,"61":14},"branchMap":{"0":{"type":"branch","line":6,"loc":{"start":{"line":6,"column":2},"end":{"line":18,"column":3}},"locations":[{"start":{"line":6,"column":2},"end":{"line":18,"column":3}}]},"1":{"type":"branch","line":21,"loc":{"start":{"line":21,"column":7},"end":{"line":30,"column":1}},"locations":[{"start":{"line":21,"column":7},"end":{"line":30,"column":1}}]},"2":{"type":"branch","line":23,"loc":{"start":{"line":23,"column":24},"end":{"line":25,"column":3}},"locations":[{"start":{"line":23,"column":24},"end":{"line":25,"column":3}}]},"3":{"type":"branch","line":25,"loc":{"start":{"line":25,"column":2},"end":{"line":26,"column":31}},"locations":[{"start":{"line":25,"column":2},"end":{"line":26,"column":31}}]},"4":{"type":"branch","line":26,"loc":{"start":{"line":26,"column":31},"end":{"line":28,"column":3}},"locations":[{"start":{"line":26,"column":31},"end":{"line":28,"column":3}}]},"5":{"type":"branch","line":28,"loc":{"start":{"line":28,"column":2},"end":{"line":29,"column":31}},"locations":[{"start":{"line":28,"column":2},"end":{"line":29,"column":31}}]},"6":{"type":"branch","line":29,"loc":{"start":{"line":29,"column":20},"end":{"line":29,"column":40}},"locations":[{"start":{"line":29,"column":20},"end":{"line":29,"column":40}}]},"7":{"type":"branch","line":29,"loc":{"start":{"line":29,"column":36},"end":{"line":29,"column":47}},"locations":[{"start":{"line":29,"column":36},"end":{"line":29,"column":47}}]},"8":{"type":"branch","line":35,"loc":{"start":{"line":35,"column":7},"end":{"line":41,"column":1}},"locations":[{"start":{"line":35,"column":7},"end":{"line":41,"column":1}}]},"9":{"type":"branch","line":36,"loc":{"start":{"line":36,"column":30},"end":{"line":38,"column":3}},"locations":[{"start":{"line":36,"column":30},"end":{"line":38,"column":3}}]},"10":{"type":"branch","line":38,"loc":{"start":{"line":38,"column":2},"end":{"line":41,"column":1}},"locations":[{"start":{"line":38,"column":2},"end":{"line":41,"column":1}}]},"11":{"type":"branch","line":43,"loc":{"start":{"line":43,"column":7},"end":{"line":58,"column":1}},"locations":[{"start":{"line":43,"column":7},"end":{"line":58,"column":1}}]},"12":{"type":"branch","line":44,"loc":{"start":{"line":44,"column":33},"end":{"line":46,"column":3}},"locations":[{"start":{"line":44,"column":33},"end":{"line":46,"column":3}}]},"13":{"type":"branch","line":46,"loc":{"start":{"line":46,"column":2},"end":{"line":47,"column":41}},"locations":[{"start":{"line":46,"column":2},"end":{"line":47,"column":41}}]},"14":{"type":"branch","line":47,"loc":{"start":{"line":47,"column":41},"end":{"line":49,"column":3}},"locations":[{"start":{"line":47,"column":41},"end":{"line":49,"column":3}}]},"15":{"type":"branch","line":49,"loc":{"start":{"line":49,"column":2},"end":{"line":50,"column":25}},"locations":[{"start":{"line":49,"column":2},"end":{"line":50,"column":25}}]},"16":{"type":"branch","line":50,"loc":{"start":{"line":50,"column":25},"end":{"line":52
[...]
,"/Users/diegobq/git/battleship/packages/core/src/server/ws/hub.ts": {"path":"/Users/diegobq/git/battleship/packages/core/src/server/ws/hub.ts","all":true,"statementMap":{"0":{"start":{"line":1,"column":0},"end":{"line":1,"column":45}},"14":{"start":{"line":15,"column":0},"end":{"line":15,"column":60}},"16":{"start":{"line":17,"column":0},"end":{"line":17,"column":27}},"17":{"start":{"line":18,"column":0},"end":{"line":18,"column":64}},"19":{"start":{"line":20,"column":0},"end":{"line":20,"column":71}},"20":{"start":{"line":21,"column":0},"end":{"line":21,"column":38}},"21":{"start":{"line":22,"column":0},"end":{"line":22,"column":16}},"22":{"start":{"line":23,"column":0},"end":{"line":23,"column":23}},"23":{"start":{"line":24,"column":0},"end":{"line":24,"column":35}},"24":{"start":{"line":25,"column":0},"end":{"line":25,"column":5}},"25":{"start":{"line":26,"column":0},"end":{"line":26,"column":40}},"26":{"start":{"line":27,"column":0},"end":{"line":27,"column":19}},"27":{"start":{"line":28,"column":0},"end":{"line":28,"column":65}},"28":{"start":{"line":29,"column":0},"end":{"line":29,"column":5}},"29":{"start":{"line":30,"column":0},"end":{"line":30,"column":45}},"30":{"start":{"line":31,"column":0},"end":{"line":31,"column":3}},"32":{"start":{"line":33,"column":0},"end":{"line":33,"column":54}},"33":{"start":{"line":34,"column":0},"end":{"line":34,"column":40}},"34":{"start":{"line":35,"column":0},"end":{"line":35,"column":22}},"35":{"start":{"line":36,"column":0},"end":{"line":36,"column":26}},"36":{"start":{"line":37,"column":0},"end":{"line":37,"column":51}},"37":{"start":{"line":38,"column":0},"end":{"line":38,"column":3}},"39":{"start":{"line":40,"column":0},"end":{"line":40,"column":73}},"40":{"start":{"line":41,"column":0},"end":{"line":41,"column":55}},"41":{"start":{"line":42,"column":0},"end":{"line":42,"column":28}},"42":{"start":{"line":43,"column":0},"end":{"line":43,"column":88}},"43":{"start":{"line":44,"column":0},"end":{"line":44,"column":19}},"44":{"start":{"line":45,"column":0},"end":{"line":45,"column":5}},"45":{"start":{"line":46,"column":0},"end":{"line":46,"column":50}},"46":{"start":{"line":47,"column":0},"end":{"line":47,"column":16}},"47":{"start":{"line":48,"column":0},"end":{"line":48,"column":3}},"49":{"start":{"line":50,"column":0},"end":{"line":50,"column":81}},"50":{"start":{"line":51,"column":0},"end":{"line":51,"column":40}},"51":{"start":{"line":52,"column":0},"end":{"line":52,"column":22}},"52":{"start":{"line":53,"column":0},"end":{"line":53,"column":52}},"53":{"start":{"line":54,"column":0},"end":{"line":54,"column":98}},"54":{"start":{"line":55,"column":0},"end":{"line":55,"column":66}},"55":{"start":{"line":56,"column":0},"end":{"line":56,"column":5}},"56":{"start":{"line":57,"column":0},"end":{"line":57,"column":3}},"58":{"start":{"line":59,"column":0},"end":{"line":59,"column":58}},"59":{"start":{"line":60,"column":0},"end":{"line":60,"column":43}},"60":{"start":{"line":61,"column":0},"end":{"line":61,"column":32}},"61":{"start":{"line":62,"column":0},"end":{"line":62,"column":64}},"62":{"start":{"line":63,"column":0},"end":{"line":63,"column":8}},"63":{"start":{"line":64,"column":0},"end":{"line":64,"column":3}},"65":{"start":{"line":66,"column":0},"end":{"line":66,"column":55}},"66":{"start":{"line":67,"column":0},"end":{"line":67,"column":58}},"67":{"start":{"line":68,"column":0},"end":{"line":68,"column":3}},"69":{"start":{"line":70,"column":0},"end":{"line":70,"column":22}},"70":{"start":{"line":71,"column":0},"end":{"line":71,"column":18}},"71":{"start":{"line":72,"column":0},"end":{"line":72,"column":63}},"72":{"start":{"line":73,"column":0},"end":{"line":73,"column":17}},"73":{"start":{"line":74,"column":0},"end":{"line":74,"column":3}},"74":{"start":{"line":75,"column":0},"end":{"line":75,"column":1}},"76":{"start":{"line":77,"column":0},"end":{"line":77,"column":50}},"82":{"start":{"line":83,"column":0},"end":{"line":83,"column":40}},"83":{"start":{"line":84,"column":0},"end":{"line":84,"column":51}},"84":{"start":{"line":85,"column":0},"end":{"line":85,"column":23}},"85":{"start":{"line":86,"column":0},"end":{"line":86,"column":39}},"86":{"start":{"line":87,"column":0},"end":{"line":87,"column":3}},"87":{"start":{"line":88,"column":0},"end":{"line":88,"column":24}},"88":{"start":{"line":89,"column":0},"end":{"line":89,"column":1}},"90":{"start":{"line":91,"column":0},"end":{"line":91,"column":44}},"91":{"start":{"line":92,"column":0},"end":{"line":92,"column":51}},"92":{"start":{"line":93,"column":0},"end":{"line":93,"column":23}},"93":{"start":{"line":94,"column":0},"end":{"line":94,"column":1}}},"s":{"0":0,"14":0,"16":0,"17":0,"19":0,"20":0,"21":0,"22":0,"23":0,"24":0,"25":0,"26":0,"27":0,"28":0,"29":0,"30":0,"32":0,"33":0,"34":0,"35":0,"36":0,"37":0,"39":0,"40":0,"41":0,"42":0,"43":0,"44":0,"45":0,"46":0,"47":0,"49":0,"50":0,"51":0,"52":0,"53":0,"54":0,"55":0,"56":0,"58":0,"59":0,"60":0,"61":0,"62":0,"63":0,"65":0,"66":0,"67":0,"69":0,"70":0,"71":0,"72":0,"73":0,"74":0,"76":0,"82":0,"83":0,"84":0,"85":0,"86":0,"87":0,"88":0,"90":0,"91":0,"92":0,"93":0},"branchMap":{"0":{"type":"branch","line":1,"loc":{"start":{"line":1,"column":2677},"end":{"line":94,"column":1}},"locations":[{"start":{"line":1,"column":2677},"end":{"line":94,"column":1}}]}},"b":{"0":[0]},"fnMap":{"0":{"name":"(empty-report)","decl":{"start":{"line":1,"column":2677},"end":{"line":94,"column":1}},"loc":{"start":{"line":1,"column":2677},"end":{"line":94,"column":1}},"line":1}},"f":{"0":0}}
,"/Users/diegobq/git/battleship/packages/core/src/server/ws/protocol.ts": {"path":"/Users/diegobq/git/battleship/packages/core/src/server/ws/protocol.ts","all":false,"statementMap":{"25":{"start":{"line":26,"column":0},"end":{"line":26,"column":61}},"26":{"start":{"line":27,"column":0},"end":{"line":27,"column":66}},"27":{"start":{"line":28,"column":0},"end":{"line":28,"column":1}},"29":{"start":{"line":30,"column":0},"end":{"line":30,"column":58}},"30":{"start":{"line":31,"column":0},"end":{"line":31,"column":33}},"31":{"start":{"line":32,"column":0},"end":{"line":32,"column":10}},"32":{"start":{"line":33,"column":0},"end":{"line":33,"column":35}},"33":{"start":{"line":34,"column":0},"end":{"line":34,"column":30}},"34":{"start":{"line":35,"column":0},"end":{"line":35,"column":28}},"35":{"start":{"line":36,"column":0},"end":{"line":36,"column":30}},"36":{"start":{"line":37,"column":0},"end":{"line":37,"column":28}},"37":{"start":{"line":38,"column":0},"end":{"line":38,"column":68}},"39":{"start":{"line":40,"column":0},"end":{"line":40,"column":1}},"41":{"start":{"line":42,"column":0},"end":{"line":42,"column":64}},"42":{"start":{"line":43,"column":0},"end":{"line":43,"column":22}},"43":{"start":{"line":44,"column":0},"end":{"line":44,"column":7}},"44":{"start":{"line":45,"column":0},"end":{"line":45,"column":29}},"45":{"start":{"line":46,"column":0},"end":{"line":46,"column":11}},"46":{"start":{"line":47,"column":0},"end":{"line":47,"column":39}},"47":{"start":{"line":48,"column":0},"end":{"line":48,"column":3}},"48":{"start":{"line":49,"column":0},"end":{"line":49,"column":61}},"49":{"start":{"line":50,"column":0},"end":{"line":50,"column":68}},"50":{"start":{"line":51,"column":0},"end":{"line":51,"column":3}},"51":{"start":{"line":52,"column":0},"end":{"line":52,"column":24}},"52":{"start":{"line":53,"column":0},"end":{"line":53,"column":23}},"53":{"start":{"line":54,"column":0},"end":{"line":54,"column":45}},"54":{"start":{"line":55,"column":0},"end":{"line":55,"column":17}},"55":{"start":{"line":56,"column":0},"end":{"line":56,"column":40}},"56":{"start":{"line":57,"column":0},"end":{"line":57,"column":16}},"57":{"start":{"line":58,"column":0},"end":{"line":58,"column":30}},"58":{"start":{"line":59,"column":0},"end":{"line":59,"column":12}},"59":{"start":{"line":60,"column":0},"end":{"line":60,"column":63}},"60":{"start":{"line":61,"column":0},"end":{"line":61,"column":3}},"61":{"start":{"line":62,"column":0},"end":{"line":62,"column":1}},"63":{"start":{"line":64,"column":0},"end":{"line":64,"column":59}},"64":{"start":{"line":65,"column":0},"end":{"line":65,"column":65}},"65":{"start":{"line":66,"column":0},"end":{"line":66,"column":78}},"66":{"start":{"line":67,"column":0},"end":{"line":67,"column":3}},"67":{"start":{"line":68,"column":0},"end":{"line":68,"column":51}},"68":{"start":{"line":69,"column":0},"end":{"line":69,"column":71}},"69":{"start":{"line":70,"column":0},"end":{"line":70,"column":3}},"70":{"start":{"line":71,"column":0},"end":{"line":71,"column":97}},"71":{"start":{"line":72,"column":0},"end":{"line":72,"column":1}},"73":{"start":{"line":74,"column":0},"end":{"line":74,"column":54}},"74":{"start":{"line":75,"column":0},"end":{"line":75,"column":93}},"75":{"start":{"line":76,"column":0},"end":{"line":76,"column":78}},"76":{"start":{"line":77,"column":0},"end":{"line":77,"column":3}},"77":{"start":{"line":78,"column":0},"end":{"line":78,"column":69}},"78":{"start":{"line":79,"column":0},"end":{"line":79,"column":59}},"79":{"start":{"line":80,"column":0},"end":{"line":80,"column":3}},"80":{"start":{"line":81,"column":0},"end":{"line":81,"column":68}},"81":{"start":{"line":82,"column":0},"end":{"line":82,"column":1}},"83":{"start":{"line":84,"column":0},"end":{"line":84,"column":68}},"84":{"start":{"line":85,"column":0},"end":{"line":85,"column":29}},"85":{"start":{"line":86,"column":0},"end":{"line":86,"column":1}},"87":{"start":{"line":88,"column":0},"end":{"line":88,"column":85}},"88":{"start":{"line":89,"column":0},"end":{"line":89,"column":39}},"89":{"start":{"line":90,"column":0},"end":{"line":90,"column":57}},"90":{"start":{"line":91,"column":0},"end":{"line":91,"column":35}},"91":{"start":{"line":92,"column":0},"end":{"line":92,"column":20}},"92":{"start":{"line":93,"column":0},"end":{"line":93,"column":11}},"93":{"start":{"line":94,"column":0},"end":{"line":94,"column":87}},"94":{"start":{"line":95,"column":0},"end":{"line":95,"column":34}},"95":{"start":{"line":96,"column":0},"end":{"line":96,"column":13}},"97":{"start":{"line":98,"column":0},"end":{"line":98,"column":57}},"98":{"start":{"line":99,"column":0},"end":{"line":99,"column":10}},"99":{"start":{"line":100,"column":0},"end":{"line":100,"column":6}},"100":{"start":{"line":101,"column":0},"end":{"line":101,"column":3}},"101":{"start":{"line":102,"column":0},"end":{"line":102,"column":31}},"102":{"start":{"line":103,"column":0},"end":{"line":103,"column":1}}},"s":{"25":17,"26":17,"27":17,"29":2,"30":2,"31":2,"32":2,"33":2,"34":2,"35":2,"36":2,"37":2,"39":2,"41":1,"42":10,"43":10,"44":10,"45":10,"46":1,"47":1,"48":10,"49":1,"50":1,"51":8,"52":10,"53":3,"54":10,"55":3,"56":10,"57":1,"58":10,"59":1,"60":10,"61":10,"63":3,"64":3,"65":1,"66":1,"67":3,"68":1,"69":1,"70":1,"71":1,"73":3,"74":3,"75":1,"76":1,"77":3,"78":1,"79":1,"80":1,"81":1,"83":1,"84":2,"85":2,"87":1,"88":5,"89":5,"90":5,"91":4,"92":4,"93":4,"94":4,"95":4,"97":4,"98":4,"99":4,"100":4,"101":5,"102":5},"branchMap":{"0":{"type":"branch","line":26,"loc":{"start":{"line":26,"column":0},"end":{"line":28,"column":1}},"locations":[{"start":{"line":26,"column":0},"end":{"line":28,"column":1}}]},"1":{"type":"branch","line":30,"loc":{"start":{"line":30,"column":0},"end":{"line":40,"column":1}},"locations":[{"start":{"line":30,"column":0},"end":{"line":40,"column":1}}]},"2":{"type":"branch","line":31,"loc":{"start":{"line":31,"column":20},"end":{"line":31,"column":33}},"locations":[{"start":{"line":31,"column":20},"end":{"line":31,"column":33}}]},"3":{"type":"branch","line":38,"loc":{"start":{"line":38,"column":23},"end":{"line":38,"column":68}},"locations":[{"start":{"line":38,"column":23},"end":{"line":38,"column":68}}]},"4":{"type":"branch","line":42,"loc":{"start":{"line":42,"column":7},"end":{"line":62,"column":1}},"locations":[{"start":{"line":42,"column":7},"end":{"line":62,"column":1}}]},"5":{"type":"branch","line":46,"loc":{"start":{"line":46,"column":2},"end":{"line":48,"column":3}},"locations":[{"start":{"line":46,"column":2},"end":{"line":48,"column":3}}]},"6":{"type":"branch","line":48,"loc":{"start":{"line":48,"column":2},"end":{"line":49,"column":60}},"locations":[{"start":{"line":48,"column":2},"end":{"line":49,"column":60}}]},"7":{"type":"branch","line":49,"loc":{"start":{"line":49,"column":60},"end":{"line":51,"column":3}},"locations":[{"start":{"line":49,"column":60},"end":{"line":51,"column":3}}]},"8":{"type":"branch","line":51,"loc":{"start":{"line":51,"column":2},"end":{"line":52,"column":24}},"locations":[{"start":{"line":51,"column":2},"end":{"line":52,"column":24}}]},"9":{"type":"branch","line":53,"loc":{"start":{"line":53,"column":4},"end":{"line":54,"column":45}},"locations":[{"start":{"line":53,"column":4},"end":{"line":54,"column":45}}]},"10":{"type":"branch","line":55,"loc":{"start":{"line":55,"column":4},"end":{"line":56,"column":40}},"locations":[{"start":{"line":55,"column":4},"end":{"line":56,"column":40}}]},"11":{"type":"branch","line":57,"loc":{"start":{"line":57,"column":4},"end":{"line":58,"column":30}},"locations":[{"start":{"line":57,"column":4},"end":{"line":58,"column":30}}]},"12":{"type":"branch","line":59,"loc":{"start":{"line":59,"column":4},"end":{"line":60,"column":63}},"locations":[{"start":{"line":59,"column":4},"end":{"line":60,"column":63}}]},"13":{"type":"branch","line":64,"loc":{"start":{"line":64,"column":0},"end":{"line":72,"column":1}},"locations":[{"start":{"line":64,"column":0},"end":{"line":72,"column":1}}]},"14":{"type":"branch","line":65,"loc":{"start":{"line":65,"column":64},"end":{"line":67,"column":3}},"locations":[{"start":{"line":65,"column":64},"end":{"line":67,"column":3}}]},"15":{"type":"branch","line":67,"loc":{"start":{"line":67,"column":2},"end":{"line":68,"column":50}},"locations":[{"start":{"line":67,"column":2},"end":{"line":68,"column":50}}]},"16":{"type":"branch","line":68,"loc":{"start":{"line":68,"column":50},"end":{"line":72,"column":1}},"locations":[{"start":{"line":68,"column":50},"end":{"line":72,"column":1}}]},"17":{"type":"branch","line":74,"loc":{"start":{"line":74,"column":0},"end":{"line":82,"column":1}},"locations":[{"start":{"line":74,"column":0},"end":{"line":82,"column":1}}]},"18":{"type":"branch","line":75,"loc":{"start":{"line":75,"column":92},"end":{"line":77,"column":3}},"locations":[{"start":{"line":75,"column":92},"end":{"line":77,"column":3}}]},"19":{"type":"branch","line":77,"loc":{"start":{"line":77,"column":2},"end":{"line":78,"column":38}},"locations":[{"start":{"line":77,"column":2},"end":{"line":78,"column":38}}]},"20":{"type":"branch","line":78,"loc":{"start":{"line":78,"column":33},"end":{"line":78,"column":68}},"locations":[{"start":{"line":78,"column":33},"end":{"line":78,"column":68}}]},"21":{"type":"branch","line":78,"loc":{"start":{"line":78,"column":68},"end":{"line":82,"column":1}},"locations":[{"start":{"line":78,"column":68},"end":{"line":82,"column":1}}]},"22":{"type":"branch","line":84,"loc":{"start":{"line":84,"column":7},"end":{"line":86,"column":1}},"locations":[{"start":{"line":84,"column":7},"end":{"line":86,"column":1}}]},"23":{"type":"branch","line":88,"loc":{"start":{"line":88,"column":7},"end":{"line":103,"column":1}},"locations":[{"start":{"line":88,"column":7},"end":{"line":103,"column":1}}]},"24":{"type":"branch","line":91,"loc":{"start":{"line":91,"column":26},"end":{"line":91,"column":35}},"locations":[{"start":{"line":91,"column":26},"end":{"line":91,"column":35}}]},"25":{"type":"branch","line":91,"loc":{"start":{"line":91,"column":26},"end":{"line":101,"column":3}},"locations":[{"start":{"line":91,"column":26},"end":{"line":101,"column":3}}]},"26":{"type":"branch","line":94,"loc":{"start":{"line":94,"column":23},"end":{"line":94,"column":85}},"locations":[{"start":{"line":94,"column":23},"end":{"line":94,"column":85}}]},"27":{"type":"branch","line":94,"loc":{"start":{"line":94,"column":40},"end":{"line":94,"column":84}},"locations":[{"start":{"line":94,"column":40},"end":{"line":94,"column":84}}]},"28":{"type":"branch","line":94,"loc":{"start":{"line":94,"column":60},"end":{"line":94,"column":79}},"locations":[{"start":{"line":94,"column":60},"end":{"line":94,"column":79}}]},"29":{"type":"branch","line":94,"loc":{"start":{"line":94,"column":69},"end":{"line":94,"column":84}},"locations":[{"start":{"line":94,"column":69},"end":{"line":94,"column":84}}]},"30":{"type":"branch","line":95,"loc":{"start":{"line":95,"column":25},"end":{"line":99,"column":8}},"locations":[{"start":{"line":95,"column":25},"end":{"line":99,"column":8}}]},"31":{"type":"branch","line":98,"loc":{"start":{"line":98,"column":31},"end":{"line":98,"column":54}},"locations":[{"start":{"line":98,"column":31},"end":{"line":98,"column":54}}]},"32":{"type":"branch","line":98,"loc":{"start":{"line":98,"column":42},"end":{"line":98,"column":57}},"locations":[{"start":{"line":98,"column":42},"end":{"line":98,"column":57}}]}},"b":{"0":[17],"1":[2],"2":[0],"3":[1],"4":[10],"5":[1],"6":[9],"7":[1],"8":[8],"9":[3],"10":[3],"11":[1],"12":[1],"13":[3],"14":[1],"15":[2],"16":[1],"17":[3],"18":[1],"19":[2],"20":[1],"21":[1],"22":[2],"23":[5],"24":[1],"25":[4],"26":[32],"27":[256],"28":[4],"29":[252],"30":[4],"31":[1],"32":[3]},"fnMap":{"0":{"name":"isRecord","decl":{"start":{"line":26,"column":0},"end":{"line":28,"column":1}},"loc":{"start":{"line":26,"column":0},"end":{"line":28,"column":1}},"line":26},"1":{"name":"isShipPlacement","decl":{"start":{"line":30,"column":0},"end":{"line":40,"column":1}},"loc":{"start":{"line":30,"column":0},"end":{"line":40,"column":1}},"line":30},"2":{"name":"parseClientMessage","decl":{"start":{"line":42,"column":7},"end":{"line":62,"column":1}},"loc":{"start":{"line":42,"column":7},"end":{"line":62,"column":1}},"line":42},"3":{"name":"parsePlaceFleet","decl":{"start":{"line":64,"column":0},"end":{"line":72,"column":1}},"loc":{"start":{"line":64,"column":0},"end":{"line":72,"column":1}},"line":64},"4":{"name":"parseShoot","decl":{"start":{"line":74,"column":0},"end":{"line":82,"column":1}},"loc":{"start":{"line":74,"column":0},"end":{"line":82,"column":1}},"line":74},"5":{"name":"serializeServerMessage","decl":{"start":{"line":84,"column":7},"end":{"line":86,"column":1}},"loc":{"start":{"line":84,"column":7},"end":{"line":86,"column":1}},"line":84},"6":{"name":"sanitizeGameStateFor","decl":{"start":{"line":88,"column":7},"end":{"line":103,"column":1}},"loc":{"start":{"line":88,"column":7},"end":{"line":103,"column":1}},"line":88}},"f":{"0":17,"1":2,"2":10,"3":3,"4":3,"5":2,"6":5}}
}
