{"/Users/diegobq/git/battleship/apps/web/lib/api/errors.ts": {"path":"/Users/diegobq/git/battleship/apps/web/lib/api/errors.ts","all":true,"statementMap":{"0":{"start":{"line":1,"column":0},"end":{"line":1,"column":43}},"5":{"start":{"line":6,"column":0},"end":{"line":6,"column":63}},"6":{"start":{"line":7,"column":0},"end":{"line":7,"column":27}},"7":{"start":{"line":8,"column":0},"end":{"line":8,"column":56}},"8":{"start":{"line":9,"column":0},"end":{"line":9,"column":27}},"9":{"start":{"line":10,"column":0},"end":{"line":10,"column":4}},"10":{"start":{"line":11,"column":0},"end":{"line":11,"column":1}},"12":{"start":{"line":13,"column":0},"end":{"line":13,"column":60}},"13":{"start":{"line":14,"column":0},"end":{"line":14,"column":60}},"14":{"start":{"line":15,"column":0},"end":{"line":15,"column":45}},"15":{"start":{"line":16,"column":0},"end":{"line":16,"column":27}},"16":{"start":{"line":17,"column":0},"end":{"line":17,"column":71}},"17":{"start":{"line":18,"column":0},"end":{"line":18,"column":20}},"18":{"start":{"line":19,"column":0},"end":{"line":19,"column":4}},"19":{"start":{"line":20,"column":0},"end":{"line":20,"column":1}}},"s":{"0":0,"5":0,"6":0,"7":0,"8":0,"9":0,"10":0,"12":0,"13":0,"14":0,"15":0,"16":0,"17":0,"18":0,"19":0},"branchMap":{"0":{"type":"branch","line":1,"loc":{"start":{"line":1,"column":592},"end":{"line":20,"column":1}},"locations":[{"start":{"line":1,"column":592},"end":{"line":20,"column":1}}]}},"b":{"0":[0]},"fnMap":{"0":{"name":"(empty-report)","decl":{"start":{"line":1,"column":592},"end":{"line":20,"column":1}},"loc":{"start":{"line":1,"column":592},"end":{"line":20,"column":1}},"line":1}},"f":{"0":0}}
,"/Users/diegobq/git/battleship/apps/web/lib/ui/GameProvider.tsx": {"path":"/Users/diegobq/git/battleship/apps/web/lib/ui/GameProvider.tsx","all":true,"statementMap":{"0":{"start":{"line":1,"column":0},"end":{"line":1,"column":13}},"30":{"start":{"line":31,"column":0},"end":{"line":31,"column":65}},"32":{"start":{"line":33,"column":0},"end":{"line":33,"column":30}},"33":{"start":{"line":34,"column":0},"end":{"line":34,"column":9}},"34":{"start":{"line":35,"column":0},"end":{"line":35,"column":11}},"35":{"start":{"line":36,"column":0},"end":{"line":36,"column":11}},"36":{"start":{"line":37,"column":0},"end":{"line":37,"column":4}},"40":{"start":{"line":41,"column":0},"end":{"line":41,"column":4}},"41":{"start":{"line":42,"column":0},"end":{"line":42,"column":61}},"42":{"start":{"line":43,"column":0},"end":{"line":43,"column":67}},"43":{"start":{"line":44,"column":0},"end":{"line":44,"column":86}},"44":{"start":{"line":45,"column":0},"end":{"line":45,"column":72}},"46":{"start":{"line":47,"column":0},"end":{"line":47,"column":29}},"47":{"start":{"line":48,"column":0},"end":{"line":48,"column":51}},"48":{"start":{"line":49,"column":0},"end":{"line":49,"column":76}},"49":{"start":{"line":50,"column":0},"end":{"line":50,"column":144}},"50":{"start":{"line":51,"column":0},"end":{"line":51,"column":25}},"52":{"start":{"line":53,"column":0},"end":{"line":53,"column":54}},"53":{"start":{"line":54,"column":0},"end":{"line":54,"column":9}},"54":{"start":{"line":55,"column":0},"end":{"line":55,"column":34}},"55":{"start":{"line":56,"column":0},"end":{"line":56,"column":25}},"56":{"start":{"line":57,"column":0},"end":{"line":57,"column":33}},"57":{"start":{"line":58,"column":0},"end":{"line":58,"column":38}},"58":{"start":{"line":59,"column":0},"end":{"line":59,"column":16}},"59":{"start":{"line":60,"column":0},"end":{"line":60,"column":27}},"60":{"start":{"line":61,"column":0},"end":{"line":61,"column":58}},"61":{"start":{"line":62,"column":0},"end":{"line":62,"column":16}},"62":{"start":{"line":63,"column":0},"end":{"line":63,"column":28}},"63":{"start":{"line":64,"column":0},"end":{"line":64,"column":55}},"64":{"start":{"line":65,"column":0},"end":{"line":65,"column":16}},"65":{"start":{"line":66,"column":0},"end":{"line":66,"column":21}},"66":{"start":{"line":67,"column":0},"end":{"line":67,"column":47}},"67":{"start":{"line":68,"column":0},"end":{"line":68,"column":16}},"68":{"start":{"line":69,"column":0},"end":{"line":69,"column":7}},"69":{"start":{"line":70,"column":0},"end":{"line":70,"column":17}},"70":{"start":{"line":71,"column":0},"end":{"line":71,"column":55}},"71":{"start":{"line":72,"column":0},"end":{"line":72,"column":5}},"72":{"start":{"line":73,"column":0},"end":{"line":73,"column":9}},"74":{"start":{"line":75,"column":0},"end":{"line":75,"column":83}},"76":{"start":{"line":77,"column":0},"end":{"line":77,"column":19}},"77":{"start":{"line":78,"column":0},"end":{"line":78,"column":37}},"78":{"start":{"line":79,"column":0},"end":{"line":79,"column":68}},"79":{"start":{"line":80,"column":0},"end":{"line":80,"column":33}},"80":{"start":{"line":81,"column":0},"end":{"line":81,"column":28}},"82":{"start":{"line":83,"column":0},"end":{"line":83,"column":33}},"83":{"start":{"line":84,"column":0},"end":{"line":84,"column":36}},"84":{"start":{"line":85,"column":0},"end":{"line":85,"column":77}},"85":{"start":{"line":86,"column":0},"end":{"line":86,"column":11}},"86":{"start":{"line":87,"column":0},"end":{"line":87,"column":4}},"88":{"start":{"line":89,"column":0},"end":{"line":89,"column":28}},"89":{"start":{"line":90,"column":0},"end":{"line":90,"column":89}},"90":{"start":{"line":91,"column":0},"end":{"line":91,"column":11}},"91":{"start":{"line":92,"column":0},"end":{"line":92,"column":4}},"93":{"start":{"line":94,"column":0},"end":{"line":94,"column":68}},"95":{"start":{"line":96,"column":0},"end":{"line":96,"column":42}},"96":{"start":{"line":97,"column":0},"end":{"line":97,"column":12}},"97":{"start":{"line":98,"column":0},"end":{"line":98,"column":12}},"98":{"start":{"line":99,"column":0},"end":{"line":99,"column":13}},"99":{"start":{"line":100,"column":0},"end":{"line":100,"column":15}},"100":{"start":{"line":101,"column":0},"end":{"line":101,"column":43}},"101":{"start":{"line":102,"column":0},"end":{"line":102,"column":15}},"102":{"start":{"line":103,"column":0},"end":{"line":103,"column":26}},"103":{"start":{"line":104,"column":0},"end":{"line":104,"column":19}},"104":{"start":{"line":105,"column":0},"end":{"line":105,"column":17}},"105":{"start":{"line":106,"column":0},"end":{"line":106,"column":12}},"106":{"start":{"line":107,"column":0},"end":{"line":107,"column":19}},"107":{"start":{"line":108,"column":0},"end":{"line":108,"column":7}},"108":{"start":{"line":109,"column":0},"end":{"line":109,"column":117}},"109":{"start":{"line":110,"column":0},"end":{"line":110,"column":4}},"111":{"start":{"line":112,"column":0},"end":{"line":112,"column":79}},"112":{"start":{"line":113,"column":0},"end":{"line":113,"column":1}},"114":{"start":{"line":115,"column":0},"end":{"line":115,"column":81}},"115":{"start":{"line":116,"column":0},"end":{"line":116,"column":34}},"116":{"start":{"line":117,"column":0},"end":{"line":117,"column":46}},"117":{"start":{"line":118,"column":0},"end":{"line":118,"column":36}},"118":{"start":{"line":119,"column":0},"end":{"line":119,"column":18}},"119":{"start":{"line":120,"column":0},"end":{"line":120,"column":1}},"121":{"start":{"line":122,"column":0},"end":{"line":122,"column":45}},"122":{"start":{"line":123,"column":0},"end":{"line":123,"column":36}},"123":{"start":{"line":124,"column":0},"end":{"line":124,"column":74}},"124":{"start":{"line":125,"column":0},"end":{"line":125,"column":11}},"125":{"start":{"line":126,"column":0},"end":{"line":126,"column":1}}},"s":{"0":0,"30":0,"32":0,"33":0,"34":0,"35":0,"36":0,"40":0,"41":0,"42":0,"43":0,"44":0,"46":0,"47":0,"48":0,"49":0,"50":0,"52":0,"53":0,"54":0,"55":0,"56":0,"57":0,"58":0,"59":0,"60":0,"61":0,"62":0,"63":0,"64":0,"65":0,"66":0,"67":0,"68":0,"69":0,"70":0,"71":0,"72":0,"74":0,"76":0,"77":0,"78":0,"79":0,"80":0,"82":0,"83":0,"84":0,"85":0,"86":0,"88":0,"89":0,"90":0,"91":0,"93":0,"95":0,"96":0,"97":0,"98":0,"99":0,"100":0,"101":0,"102":0,"103":0,"104":0,"105":0,"106":0,"107":0,"108":0,"109":0,"111":0,"112":0,"114":0,"115":0,"116":0,"117":0,"118":0,"119":0,"121":0,"122":0,"123":0,"124":0,"125":0},"branchMap":{"0":{"type":"branch","line":1,"loc":{"start":{"line":1,"column":3801},"end":{"line":126,"column":1}},"locations":[{"start":{"line":1,"column":3801},"end":{"line":126,"column":1}}]}},"b":{"0":[0]},"fnMap":{"0":{"name":"(empty-report)","decl":{"start":{"line":1,"column":3801},"end":{"line":126,"column":1}},"loc":{"start":{"line":1,"column":3801},"end":{"line":126,"column":1}},"line":1}},"f":{"0":0}}
,"/Users/diegobq/git/battleship/apps/web/lib/ui/placementReducer.ts": {"path":"/Users/diegobq/git/battleship/apps/web/lib/ui/placementReducer.ts","all":false,"statementMap":{"0":{"start":{"line":1,"column":0},"end":{"line":1,"column":77}},"17":{"start":{"line":18,"column":0},"end":{"line":18,"column":74}},"18":{"start":{"line":19,"column":0},"end":{"line":19,"column":42}},"19":{"start":{"line":20,"column":0},"end":{"line":20,"column":9}},"20":{"start":{"line":21,"column":0},"end":{"line":21,"column":18}},"21":{"start":{"line":22,"column":0},"end":{"line":22,"column":34}},"22":{"start":{"line":23,"column":0},"end":{"line":23,"column":12}},"23":{"start":{"line":24,"column":0},"end":{"line":24,"column":27}},"24":{"start":{"line":25,"column":0},"end":{"line":25,"column":6}},"25":{"start":{"line":26,"column":0},"end":{"line":26,"column":10}},"26":{"start":{"line":27,"column":0},"end":{"line":27,"column":28}},"27":{"start":{"line":28,"column":0},"end":{"line":28,"column":17}},"28":{"start":{"line":29,"column":0},"end":{"line":29,"column":41}},"29":{"start":{"line":30,"column":0},"end":{"line":30,"column":30}},"30":{"start":{"line":31,"column":0},"end":{"line":31,"column":4}},"31":{"start":{"line":32,"column":0},"end":{"line":32,"column":1}},"33":{"start":{"line":34,"column":0},"end":{"line":34,"column":98}},"34":{"start":{"line":35,"column":0},"end":{"line":35,"column":24}},"35":{"start":{"line":36,"column":0},"end":{"line":36,"column":18}},"36":{"start":{"line":37,"column":0},"end":{"line":37,"column":60}},"37":{"start":{"line":38,"column":0},"end":{"line":38,"column":53}},"38":{"start":{"line":39,"column":0},"end":{"line":39,"column":16}},"39":{"start":{"line":40,"column":0},"end":{"line":40,"column":18}},"40":{"start":{"line":41,"column":0},"end":{"line":41,"column":14}},"41":{"start":{"line":42,"column":0},"end":{"line":42,"column":17}},"42":{"start":{"line":43,"column":0},"end":{"line":43,"column":84}},"43":{"start":{"line":44,"column":0},"end":{"line":44,"column":8}},"44":{"start":{"line":45,"column":0},"end":{"line":45,"column":17}},"45":{"start":{"line":46,"column":0},"end":{"line":46,"column":57}},"46":{"start":{"line":47,"column":0},"end":{"line":47,"column":18}},"47":{"start":{"line":48,"column":0},"end":{"line":48,"column":53}},"48":{"start":{"line":49,"column":0},"end":{"line":49,"column":17}},"49":{"start":{"line":50,"column":0},"end":{"line":50,"column":45}},"50":{"start":{"line":51,"column":0},"end":{"line":51,"column":3}},"51":{"start":{"line":52,"column":0},"end":{"line":52,"column":1}},"53":{"start":{"line":54,"column":0},"end":{"line":54,"column":88}},"54":{"start":{"line":55,"column":0},"end":{"line":55,"column":42}},"55":{"start":{"line":56,"column":0},"end":{"line":56,"column":70}},"56":{"start":{"line":57,"column":0},"end":{"line":57,"column":41}},"57":{"start":{"line":58,"column":0},"end":{"line":58,"column":79}},"58":{"start":{"line":59,"column":0},"end":{"line":59,"column":28}},"59":{"start":{"line":60,"column":0},"end":{"line":60,"column":77}},"60":{"start":{"line":61,"column":0},"end":{"line":61,"column":44}},"61":{"start":{"line":62,"column":0},"end":{"line":62,"column":10}},"62":{"start":{"line":63,"column":0},"end":{"line":63,"column":13}},"63":{"start":{"line":64,"column":0},"end":{"line":64,"column":22}},"64":{"start":{"line":65,"column":0},"end":{"line":65,"column":10}},"65":{"start":{"line":66,"column":0},"end":{"line":66,"column":37}},"66":{"start":{"line":67,"column":0},"end":{"line":67,"column":4}},"67":{"start":{"line":68,"column":0},"end":{"line":68,"column":1}},"69":{"start":{"line":70,"column":0},"end":{"line":70,"column":83}},"70":{"start":{"line":71,"column":0},"end":{"line":71,"column":56}},"71":{"start":{"line":72,"column":0},"end":{"line":72,"column":42}},"72":{"start":{"line":73,"column":0},"end":{"line":73,"column":38}},"73":{"start":{"line":74,"column":0},"end":{"line":74,"column":89}},"74":{"start":{"line":75,"column":0},"end":{"line":75,"column":4}},"75":{"start":{"line":76,"column":0},"end":{"line":76,"column":43}},"76":{"start":{"line":77,"column":0},"end":{"line":77,"column":59}},"77":{"start":{"line":78,"column":0},"end":{"line":78,"column":1}},"79":{"start":{"line":80,"column":0},"end":{"line":80,"column":76}},"80":{"start":{"line":81,"column":0},"end":{"line":81,"column":33}},"81":{"start":{"line":82,"column":0},"end":{"line":82,"column":26}},"82":{"start":{"line":83,"column":0},"end":{"line":83,"column":28}},"83":{"start":{"line":84,"column":0},"end":{"line":84,"column":34}},"84":{"start":{"line":85,"column":0},"end":{"line":85,"column":30}},"85":{"start":{"line":86,"column":0},"end":{"line":86,"column":5}},"86":{"start":{"line":87,"column":0},"end":{"line":87,"column":3}},"87":{"start":{"line":88,"column":0},"end":{"line":88,"column":14}},"88":{"start":{"line":89,"column":0},"end":{"line":89,"column":1}},"90":{"start":{"line":91,"column":0},"end":{"line":91,"column":91}},"91":{"start":{"line":92,"column":0},"end":{"line":92,"column":42}},"92":{"start":{"line":93,"column":0},"end":{"line":93,"column":70}},"93":{"start":{"line":94,"column":0},"end":{"line":94,"column":41}},"94":{"start":{"line":95,"column":0},"end":{"line":95,"column":72}},"95":{"start":{"line":96,"column":0},"end":{"line":96,"column":1}},"97":{"start":{"line":98,"column":0},"end":{"line":98,"column":64}},"98":{"start":{"line":99,"column":0},"end":{"line":99,"column":70}},"99":{"start":{"line":100,"column":0},"end":{"line":100,"column":1}}},"s":{"0":1,"17":1,"18":18,"19":36,"20":36,"21":36,"22":36,"23":36,"24":18,"25":18,"26":18,"27":18,"28":18,"29":18,"30":18,"31":18,"33":1,"34":22,"35":22,"36":4,"37":2,"38":2,"39":22,"40":3,"41":3,"42":3,"43":3,"44":22,"45":12,"46":22,"47":2,"48":22,"49":1,"50":22,"51":22,"53":12,"54":12,"55":11,"56":12,"57":11,"58":12,"59":9,"60":9,"61":9,"62":9,"63":9,"64":9,"65":12,"66":12,"67":12,"69":2,"70":2,"71":2,"72":1,"73":2,"74":1,"75":1,"76":1,"77":1,"79":1,"80":1,"81":1,"82":2,"83":1,"84":1,"85":1,"86":1,"87":1,"88":1,"90":1,"91":3,"92":3,"93":3,"94":2,"95":2,"97":1,"98":2,"99":2},"branchMap":{"0":{"type":"branch","line":18,"loc":{"start":{"line":18,"column":7},"end":{"line":32,"column":1}},"locations":[{"start":{"line":18,"column":7},"end":{"line":32,"column":1}}]},"1":{"type":"branch","line":29,"loc":{"start":{"line":29,"column":30},"end":{"line":29,"column":41}},"locations":[{"start":{"line":29,"column":30},"end":{"line":29,"column":41}}]},"2":{"type":"branch","line":19,"loc":{"start":{"line":19,"column":33},"end":{"line":25,"column":4}},"locations":[{"start":{"line":19,"column":33},"end":{"line":25,"column":4}}]},"3":{"type":"branch","line":34,"loc":{"start":{"line":34,"column":7},"end":{"line":52,"column":1}},"locations":[{"start":{"line":34,"column":7},"end":{"line":52,"column":1}}]},"4":{"type":"branch","line":36,"loc":{"start":{"line":36,"column":4},"end":{"line":39,"column":16}},"locations":[{"start":{"line":36,"column":4},"end":{"line":39,"column":16}}]},"5":{"type":"branch","line":37,"loc":{"start":{"line":37,"column":59},"end":{"line":38,"column":53}},"locations":[{"start":{"line":37,"column":59},"end":{"line":38,"column":53}}]},"6":{"type":"branch","line":38,"loc":{"start":{"line":38,"column":52},"end":{"line":39,"column":16}},"locations":[{"start":{"line":38,"column":52},"end":{"line":39,"column":16}}]},"7":{"type":"branch","line":40,"loc":{"start":{"line":40,"column":4},"end":{"line":44,"column":8}},"locations":[{"start":{"line":40,"column":4},"end":{"line":44,"column":8}}]},"8":{"type":"branch","line":43,"loc":{"start":{"line":43,"column":43},"end":{"line":43,"column":71}},"locations":[{"start":{"line":43,"column":43},"end":{"line":43,"column":71}}]},"9":{"type":"branch","line":43,"loc":{"start":{"line":43,"column":58},"end":{"line":43,"column":84}},"locations":[{"start":{"line":43,"column":58},"end":{"line":43,"column":84}}]},"10":{"type":"branch","line":45,"loc":{"start":{"line":45,"column":4},"end":{"line":46,"column":57}},"locations":[{"start":{"line":45,"column":4},"end":{"line":46,"column":57}}]},"11":{"type":"branch","line":47,"loc":{"start":{"line":47,"column":4},"end":{"line":48,"column":53}},"locations":[{"start":{"line":47,"column":4},"end":{"line":48,"column":53}}]},"12":{"type":"branch","line":49,"loc":{"start":{"line":49,"column":4},"end":{"line":50,"column":45}},"locations":[{"start":{"line":49,"column":4},"end":{"line":50,"column":45}}]},"13":{"type":"branch","line":37,"loc":{"start":{"line":37,"column":30},"end":{"line":37,"column":59}},"locations":[{"start":{"line":37,"column":30},"end":{"line":37,"column":59}}]},"14":{"type":"branch","line":54,"loc":{"start":{"line":54,"column":0},"end":{"line":68,"column":1}},"locations":[{"start":{"line":54,"column":0},"end":{"line":68,"column":1}}]},"15":{"type":"branch","line":55,"loc":{"start":{"line":55,"column":29},"end":{"line":55,"column":42}},"locations":[{"start":{"line":55,"column":29},"end":{"line":55,"column":42}}]},"16":{"type":"branch","line":55,"loc":{"start":{"line":55,"column":36},"end":{"line":57,"column":28}},"locations":[{"start":{"line":55,"column":36},"end":{"line":57,"column":28}}]},"17":{"type":"branch","line":57,"loc":{"start":{"line":57,"column":28},"end":{"line":57,"column":41}},"locations":[{"start":{"line":57,"column":28},"end":{"line":57,"column":41}}]},"18":{"type":"branch","line":57,"loc":{"start":{"line":57,"column":35},"end":{"line":59,"column":22}},"locations":[{"start":{"line":57,"column":35},"end":{"line":59,"column":22}}]},"19":{"type":"branch","line":59,"loc":{"start":{"line":59,"column":15},"end":{"line":59,"column":28}},"locations":[{"start":{"line":59,"column":15},"end":{"line":59,"column":28}}]},"20":{"type":"branch","line":59,"loc":{"start":{"line":59,"column":22},"end":{"line":66,"column":26}},"locations":[{"start":{"line":59,"column":22},"end":{"line":66,"column":26}}]},"21":{"type":"branch","line":66,"loc":{"start":{"line":66,"column":20},"end":{"line":66,"column":32}},"locations":[{"start":{"line":66,"column":20},"end":{"line":66,"column":32}}]},"22":{"type":"branch","line":66,"loc":{"start":{"line":66,"column":26},"end":{"line":66,"column":37}},"locations":[{"start":{"line":66,"column":26},"end":{"line":66,"column":37}}]},"23":{"type":"branch","line":56,"loc":{"start":{"line":56,"column":32},"end":{"line":56,"column":68}},"locations":[{"start":{"line":56,"column":32},"end":{"line":56,"column":68}}]},"24":{"type":"branch","line":60,"loc":{"start":{"line":60,"column":32},"end":{"line":60,"column":75}},"locations":[{"start":{"line":60,"column":32},"end":{"line":60,"column":75}}]},"25":{"type":"branch","line":60,"loc":{"start":{"line":60,"column":54},"end":{"line":60,"column":73}},"locations":[{"start":{"line":60,"column":54},"end":{"line":60,"column":73}}]},"26":{"type":"branch","line":60,"loc":{"start":{"line":60,"column":66},"end":{"line":60,"column":75}},"locations":[{"start":{"line":60,"column":66},"end":{"line":60,"column":75}}]},"27":{"type":"branch","line":61,"loc":{"start":{"line":61,"column":26},"end":{"line":61,"column":42}},"locations":[{"start":{"line":61,"column":26},"end":{"line":61,"column":42}}]},"28":{"type":"branch","line":70,"loc":{"start":{"line":70,"column":0},"end":{"line":78,"column":1}},"locations":[{"start":{"line":70,"column":0},"end":{"line":78,"column":1}}]},"29":{"type":"branch","line":72,"loc":{"start":{"line":72,"column":29},"end":{"line":78,"column":1}},"locations":[{"start":{"line":72,"column":29},"end":{"line":78,"column":1}}]},"30":{"type":"branch","line":71,"loc":{"start":{"line":71,"column":32},"end":{"line":71,"column":54}},"locations":[{"start":{"line":71,"column":32},"end":{"line":71,"column":54}}]},"31":{"type":"branch","line":73,"loc":{"start":{"line":73,"column":32},"end":{"line":74,"column":89}},"locations":[{"start":{"line":73,"column":32},"end":{"line":74,"column":89}}]},"32":{"type":"branch","line":74,"loc":{"start":{"line":74,"column":13},"end":{"line":74,"column":87}},"locations":[{"start":{"line":74,"column":13},"end":{"line":74,"column":87}}]},"33":{"type":"branch","line":74,"loc":{"start":{"line":74,"column":83},"end":{"line":74,"column":89}},"locations":[{"start":{"line":74,"column":83},"end":{"line":74,"column":89}}]},"34":{"type":"branch","line":80,"loc":{"start":{"line":80,"column":0},"end":{"line":89,"column":1}},"locations":[{"start":{"line":80,"column":0},"end":{"line":89,"column":1}}]},"35":{"type":"branch","line":82,"loc":{"start":{"line":82,"column":25},"end":{"line":87,"column":3}},"locations":[{"start":{"line":82,"column":25},"end":{"line":87,"column":3}}]},"36":{"type":"branch","line":83,"loc":{"start":{"line":83,"column":19},"end":{"line":87,"column":3}},"locations":[{"start":{"line":83,"column":19},"end":{"line":87,"column":3}}]},"37":{"type":"branch","line":91,"loc":{"start":{"line":91,"column":7},"end":{"line":96,"column":1}},"locations":[{"start":{"line":91,"column":7},"end":{"line":96,"column":1}}]},"38":{"type":"branch","line":92,"loc":{"start":{"line":92,"column":29},"end":{"line":92,"column":42}},"locations":[{"start":{"line":92,"column":29},"end":{"line":92,"column":42}}]},"39":{"type":"branch","line":94,"loc":{"start":{"line":94,"column":28},"end":{"line":94,"column":41}},"locations":[{"start":{"line":94,"column":28},"end":{"line":94,"column":41}}]},"40":{"type":"branch","line":94,"loc":{"start":{"line":94,"column":35},"end":{"line":96,"column":1}},"locations":[{"start":{"line":94,"column":35},"end":{"line":96,"column":1}}]},"41":{"type":"branch","line":93,"loc":{"start":{"line":93,"column":32},"end":{"line":93,"column":68}},"locations":[{"start":{"line":93,"column":32},"end":{"line":93,"column":68}}]},"42":{"type":"branch","line":98,"loc":{"start":{"line":98,"column":7},"end":{"line":100,"column":1}},"locations":[{"start":{"line":98,"column":7},"end":{"line":100,"column":1}}]},"43":{"type":"branch","line":99,"loc":{"start":{"line":99,"column":53},"end":{"line":99,"column":68}},"locations":[{"start":{"line":99,"column":53},"end":{"line":99,"column":68}}]}},"b":{"0":[18],"1":[0],"2":[36],"3":[22],"4":[4],"5":[2],"6":[2],"7":[3],"8":[2],"9":[1],"10":[12],"11":[2],"12":[1],"13":[7],"14":[12],"15":[1],"16":[11],"17":[0],"18":[11],"19":[2],"20":[9],"21":[7],"22":[2],"23":[14],"24":[18],"25":[9],"26":[9],"27":[18],"28":[2],"29":[1],"30":[2],"31":[2],"32":[1],"33":[1],"34":[1],"35":[2],"36":[1],"37":[3],"38":[0],"39":[1],"40":[2],"41":[3],"42":[2],"43":[3]},"fnMap":{"0":{"name":"initPlacementState","decl":{"start":{"line":18,"column":7},"end":{"line":32,"column":1}},"loc":{"start":{"line":18,"column":7},"end":{"line":32,"column":1}},"line":18},"1":{"name":"placementReducer","decl":{"start":{"line":34,"column":7},"end":{"line":52,"column":1}},"loc":{"start":{"line":34,"column":7},"end":{"line":52,"column":1}},"line":34},"2":{"name":"applyPlaceAction","decl":{"start":{"line":54,"column":0},"end":{"line":68,"column":1}},"loc":{"start":{"line":54,"column":0},"end":{"line":68,"column":1}},"line":54},"3":{"name":"applyRemoveAction","decl":{"start":{"line":70,"column":0},"end":{"line":78,"column":1}},"loc":{"start":{"line":70,"column":0},"end":{"line":78,"column":1}},"line":70},"4":{"name":"rebuildGridFromShips","decl":{"start":{"line":80,"column":0},"end":{"line":89,"column":1}},"loc":{"start":{"line":80,"column":0},"end":{"line":89,"column":1}},"line":80},"5":{"name":"canPreviewPlacement","decl":{"start":{"line":91,"column":7},"end":{"line":96,"column":1}},"loc":{"start":{"line":91,"column":7},"end":{"line":96,"column":1}},"line":91},"6":{"name":"allShipsPlaced","decl":{"start":{"line":98,"column":7},"end":{"line":100,"column":1}},"loc":{"start":{"line":98,"column":7},"end":{"line":100,"column":1}},"line":98}},"f":{"0":18,"1":22,"2":12,"3":2,"4":1,"5":3,"6":2}}
,"/Users/diegobq/git/battleship/apps/web/lib/ui/playerSession.ts": {"path":"/Users/diegobq/git/battleship/apps/web/lib/ui/playerSession.ts","all":true,"statementMap":{"0":{"start":{"line":1,"column":0},"end":{"line":1,"column":13}},"3":{"start":{"line":4,"column":0},"end":{"line":4,"column":44}},"5":{"start":{"line":6,"column":0},"end":{"line":6,"column":69}},"6":{"start":{"line":7,"column":0},"end":{"line":7,"column":44}},"7":{"start":{"line":8,"column":0},"end":{"line":8,"column":67}},"8":{"start":{"line":9,"column":0},"end":{"line":9,"column":1}},"10":{"start":{"line":11,"column":0},"end":{"line":11,"column":60}},"11":{"start":{"line":12,"column":0},"end":{"line":12,"column":49}},"12":{"start":{"line":13,"column":0},"end":{"line":13,"column":64}},"13":{"start":{"line":14,"column":0},"end":{"line":14,"column":1}},"15":{"start":{"line":16,"column":0},"end":{"line":16,"column":53}},"16":{"start":{"line":17,"column":0},"end":{"line":17,"column":44}},"17":{"start":{"line":18,"column":0},"end":{"line":18,"column":60}},"18":{"start":{"line":19,"column":0},"end":{"line":19,"column":1}},"22":{"start":{"line":23,"column":0},"end":{"line":23,"column":60}},"23":{"start":{"line":24,"column":0},"end":{"line":24,"column":30}},"24":{"start":{"line":25,"column":0},"end":{"line":25,"column":19}},"25":{"start":{"line":26,"column":0},"end":{"line":26,"column":30}},"26":{"start":{"line":27,"column":0},"end":{"line":27,"column":15}},"27":{"start":{"line":28,"column":0},"end":{"line":28,"column":4}},"28":{"start":{"line":29,"column":0},"end":{"line":29,"column":1}}},"s":{"0":0,"3":0,"5":0,"6":0,"7":0,"8":0,"10":0,"11":0,"12":0,"13":0,"15":0,"16":0,"17":0,"18":0,"22":0,"23":0,"24":0,"25":0,"26":0,"27":0,"28":0},"branchMap":{"0":{"type":"branch","line":1,"loc":{"start":{"line":1,"column":954},"end":{"line":29,"column":1}},"locations":[{"start":{"line":1,"column":954},"end":{"line":29,"column":1}}]}},"b":{"0":[0]},"fnMap":{"0":{"name":"(empty-report)","decl":{"start":{"line":1,"column":954},"end":{"line":29,"column":1}},"loc":{"start":{"line":1,"column":954},"end":{"line":29,"column":1}},"line":1}},"f":{"0":0}}
,"/Users/diegobq/git/battleship/apps/web/lib/ui/useWebSocket.ts": {"path":"/Users/diegobq/git/battleship/apps/web/lib/ui/useWebSocket.ts","all":true,"statementMap":{"0":{"start":{"line":1,"column":0},"end":{"line":1,"column":13}},"17":{"start":{"line":18,"column":0},"end":{"line":18,"column":77}},"18":{"start":{"line":19,"column":0},"end":{"line":19,"column":76}},"19":{"start":{"line":20,"column":0},"end":{"line":20,"column":85}},"20":{"start":{"line":21,"column":0},"end":{"line":21,"column":51}},"21":{"start":{"line":22,"column":0},"end":{"line":22,"column":41}},"23":{"start":{"line":24,"column":0},"end":{"line":24,"column":19}},"24":{"start":{"line":25,"column":0},"end":{"line":25,"column":37}},"25":{"start":{"line":26,"column":0},"end":{"line":26,"column":18}},"27":{"start":{"line":28,"column":0},"end":{"line":28,"column":19}},"28":{"start":{"line":29,"column":0},"end":{"line":29,"column":21}},"29":{"start":{"line":30,"column":0},"end":{"line":30,"column":21}},"30":{"start":{"line":31,"column":0},"end":{"line":31,"column":26}},"31":{"start":{"line":32,"column":0},"end":{"line":32,"column":68}},"33":{"start":{"line":34,"column":0},"end":{"line":34,"column":30}},"34":{"start":{"line":35,"column":0},"end":{"line":35,"column":28}},"35":{"start":{"line":36,"column":0},"end":{"line":36,"column":29}},"36":{"start":{"line":37,"column":0},"end":{"line":37,"column":37}},"37":{"start":{"line":38,"column":0},"end":{"line":38,"column":29}},"39":{"start":{"line":40,"column":0},"end":{"line":40,"column":25}},"40":{"start":{"line":41,"column":0},"end":{"line":41,"column":21}},"41":{"start":{"line":42,"column":0},"end":{"line":42,"column":25}},"42":{"start":{"line":43,"column":0},"end":{"line":43,"column":8}},"43":{"start":{"line":44,"column":0},"end":{"line":44,"column":29}},"44":{"start":{"line":45,"column":0},"end":{"line":45,"column":62}},"45":{"start":{"line":46,"column":0},"end":{"line":46,"column":47}},"46":{"start":{"line":47,"column":0},"end":{"line":47,"column":8}},"47":{"start":{"line":48,"column":0},"end":{"line":48,"column":43}},"48":{"start":{"line":49,"column":0},"end":{"line":49,"column":26}},"49":{"start":{"line":50,"column":0},"end":{"line":50,"column":30}},"50":{"start":{"line":51,"column":0},"end":{"line":51,"column":27}},"51":{"start":{"line":52,"column":0},"end":{"line":52,"column":39}},"52":{"start":{"line":53,"column":0},"end":{"line":53,"column":62}},"53":{"start":{"line":54,"column":0},"end":{"line":54,"column":24}},"54":{"start":{"line":55,"column":0},"end":{"line":55,"column":54}},"55":{"start":{"line":56,"column":0},"end":{"line":56,"column":9}},"56":{"start":{"line":57,"column":0},"end":{"line":57,"column":8}},"57":{"start":{"line":58,"column":0},"end":{"line":58,"column":5}},"59":{"start":{"line":60,"column":0},"end":{"line":60,"column":14}},"61":{"start":{"line":62,"column":0},"end":{"line":62,"column":18}},"62":{"start":{"line":63,"column":0},"end":{"line":63,"column":23}},"63":{"start":{"line":64,"column":0},"end":{"line":64,"column":55}},"64":{"start":{"line":65,"column":0},"end":{"line":65,"column":33}},"65":{"start":{"line":66,"column":0},"end":{"line":66,"column":6}},"66":{"start":{"line":67,"column":0},"end":{"line":67,"column":42}},"68":{"start":{"line":69,"column":0},"end":{"line":69,"column":55}},"69":{"start":{"line":70,"column":0},"end":{"line":70,"column":33}},"70":{"start":{"line":71,"column":0},"end":{"line":71,"column":49}},"71":{"start":{"line":72,"column":0},"end":{"line":72,"column":20}},"72":{"start":{"line":73,"column":0},"end":{"line":73,"column":18}},"73":{"start":{"line":74,"column":0},"end":{"line":74,"column":5}},"74":{"start":{"line":75,"column":0},"end":{"line":75,"column":17}},"75":{"start":{"line":76,"column":0},"end":{"line":76,"column":9}},"77":{"start":{"line":78,"column":0},"end":{"line":78,"column":25}},"78":{"start":{"line":79,"column":0},"end":{"line":79,"column":1}}},"s":{"0":0,"17":0,"18":0,"19":0,"20":0,"21":0,"23":0,"24":0,"25":0,"27":0,"28":0,"29":0,"30":0,"31":0,"33":0,"34":0,"35":0,"36":0,"37":0,"39":0,"40":0,"41":0,"42":0,"43":0,"44":0,"45":0,"46":0,"47":0,"48":0,"49":0,"50":0,"51":0,"52":0,"53":0,"54":0,"55":0,"56":0,"57":0,"59":0,"61":0,"62":0,"63":0,"64":0,"65":0,"66":0,"68":0,"69":0,"70":0,"71":0,"72":0,"73":0,"74":0,"75":0,"77":0,"78":0},"branchMap":{"0":{"type":"branch","line":1,"loc":{"start":{"line":1,"column":2173},"end":{"line":79,"column":1}},"locations":[{"start":{"line":1,"column":2173},"end":{"line":79,"column":1}}]}},"b":{"0":[0]},"fnMap":{"0":{"name":"(empty-report)","decl":{"start":{"line":1,"column":2173},"end":{"line":79,"column":1}},"loc":{"start":{"line":1,"column":2173},"end":{"line":79,"column":1}},"line":1}},"f":{"0":0}}
}
